#! /c/iverilog/bin/vvp
:ivl_version "0.9.7 " "(v0_9_7)";
:vpi_time_precision + 0;
:vpi_module "system";
:vpi_module "v2005_math";
:vpi_module "va_math";
S_0087E728 .scope module, "regfile_tb" "regfile_tb" 2 2;
 .timescale 0 0;
v00FB02F0_0 .var "CLK", 0 0;
v00FB0608_0 .var "READREG1", 2 0;
v00FB0348_0 .var "READREG2", 2 0;
v00FB0190_0 .net "REGOUT1", 7 0, L_0087C8A8; 1 drivers
v00FB07C0_0 .net "REGOUT2", 7 0, L_0087C640; 1 drivers
v00FB05B0_0 .var "RESET", 0 0;
v00FB0660_0 .var "WRITEDATA", 7 0;
v00FB0240_0 .var "WRITEENABLE", 0 0;
v00FB03A0_0 .var "WRITEREG", 2 0;
S_0087DE20 .scope module, "myregfile" "reg_file" 2 9, 2 83, S_0087E728;
 .timescale 0 0;
L_0087C8A8/d .functor BUFZ 8, L_00FB00E0, C4<00000000>, C4<00000000>, C4<00000000>;
L_0087C8A8 .delay (2,2,2) L_0087C8A8/d;
L_0087C640/d .functor BUFZ 8, L_00FB06B8, C4<00000000>, C4<00000000>, C4<00000000>;
L_0087C640 .delay (2,2,2) L_0087C640/d;
v00878F60_0 .net "CLK", 0 0, v00FB02F0_0; 1 drivers
v00FB3278_0 .net "IN", 7 0, v00FB0660_0; 1 drivers
v00FB32D0_0 .net "INADDRESS", 2 0, v00FB03A0_0; 1 drivers
v00FB3328_0 .alias "OUT1", 7 0, v00FB0190_0;
v008715C0_0 .net "OUT1ADDRESS", 2 0, v00FB0608_0; 1 drivers
v00871618_0 .alias "OUT2", 7 0, v00FB07C0_0;
v00871670_0 .net "OUT2ADDRESS", 2 0, v00FB0348_0; 1 drivers
v008716C8_0 .net "RESET", 0 0, v00FB05B0_0; 1 drivers
v0087B198_0 .net "WRITE", 0 0, v00FB0240_0; 1 drivers
v0087B1F0_0 .net *"_s0", 7 0, L_00FB00E0; 1 drivers
v0087B248_0 .net *"_s4", 7 0, L_00FB06B8; 1 drivers
v0087B2A0 .array "file", 7 0, 7 0;
v0087B2F8_0 .var/i "i", 31 0;
E_008784A0 .event posedge, v00878F60_0;
L_00FB00E0 .array/port v0087B2A0, v00FB0608_0;
L_00FB06B8 .array/port v0087B2A0, v00FB0348_0;
    .scope S_0087DE20;
T_0 ;
    %wait E_008784A0;
    %load/v 8, v0087B198_0, 1;
    %load/v 9, v008716C8_0, 1;
    %inv 9, 1;
    %and 8, 9, 1;
    %jmp/0xz  T_0.0, 8;
    %delay 1, 0;
    %load/v 8, v00FB3278_0, 8;
    %ix/getv 3, v00FB32D0_0;
    %jmp/1 t_0, 4;
    %ix/load 0, 8, 0; word width
    %ix/load 1, 0, 0; part off
    %assign/av v0087B2A0, 0, 8;
t_0 ;
T_0.0 ;
    %load/v 8, v008716C8_0, 1;
    %jmp/0xz  T_0.2, 8;
    %set/v v0087B2F8_0, 0, 32;
T_0.4 ;
    %load/v 8, v0087B2F8_0, 32;
   %cmpi/s 8, 8, 32;
    %jmp/0xz T_0.5, 5;
    %delay 1, 0;
    %ix/getv/s 3, v0087B2F8_0;
   %jmp/1 t_1, 4;
   %ix/load 1, 0, 0;
   %set/av v0087B2A0, 0, 8;
t_1 ;
    %ix/load 0, 1, 0;
    %load/vp0/s 8, v0087B2F8_0, 32;
    %set/v v0087B2F8_0, 8, 32;
    %jmp T_0.4;
T_0.5 ;
T_0.2 ;
    %jmp T_0;
    .thread T_0;
    .scope S_0087E728;
T_1 ;
    %set/v v00FB02F0_0, 1, 1;
    %vpi_call 2 16 "$dumpfile", "regfile.vcd";
    %vpi_call 2 17 "$dumpvars", 1'sb0, S_0087E728;
    %set/v v00FB05B0_0, 0, 1;
    %set/v v00FB0240_0, 0, 1;
    %delay 5, 0;
    %set/v v00FB05B0_0, 1, 1;
    %set/v v00FB0608_0, 0, 3;
    %movi 8, 4, 3;
    %set/v v00FB0348_0, 8, 3;
    %delay 7, 0;
    %set/v v00FB05B0_0, 0, 1;
    %delay 3, 0;
    %movi 8, 2, 3;
    %set/v v00FB03A0_0, 8, 3;
    %movi 8, 95, 8;
    %set/v v00FB0660_0, 8, 8;
    %set/v v00FB0240_0, 1, 1;
    %delay 9, 0;
    %set/v v00FB0240_0, 0, 1;
    %delay 1, 0;
    %movi 8, 2, 3;
    %set/v v00FB0608_0, 8, 3;
    %delay 9, 0;
    %movi 8, 1, 3;
    %set/v v00FB03A0_0, 8, 3;
    %movi 8, 28, 8;
    %set/v v00FB0660_0, 8, 8;
    %set/v v00FB0240_0, 1, 1;
    %movi 8, 1, 3;
    %set/v v00FB0608_0, 8, 3;
    %delay 10, 0;
    %set/v v00FB0240_0, 0, 1;
    %delay 10, 0;
    %movi 8, 4, 3;
    %set/v v00FB03A0_0, 8, 3;
    %movi 8, 6, 8;
    %set/v v00FB0660_0, 8, 8;
    %set/v v00FB0240_0, 1, 1;
    %delay 10, 0;
    %movi 8, 15, 8;
    %set/v v00FB0660_0, 8, 8;
    %set/v v00FB0240_0, 1, 1;
    %delay 10, 0;
    %set/v v00FB0240_0, 0, 1;
    %delay 6, 0;
    %movi 8, 1, 3;
    %set/v v00FB03A0_0, 8, 3;
    %movi 8, 50, 8;
    %set/v v00FB0660_0, 8, 8;
    %set/v v00FB0240_0, 1, 1;
    %delay 5, 0;
    %set/v v00FB0240_0, 0, 1;
    %delay 10, 0;
    %vpi_call 2 72 "$finish";
    %end;
    .thread T_1;
    .scope S_0087E728;
T_2 ;
    %delay 5, 0;
    %load/v 8, v00FB02F0_0, 1;
    %inv 8, 1;
    %set/v v00FB02F0_0, 8, 1;
    %jmp T_2;
    .thread T_2;
# The file index is used to find the file name in the following table.
:file_names 3;
    "N/A";
    "<interactive>";
    "regfile.v";
