#! /c/iverilog/bin/vvp
:ivl_version "0.9.7 " "(v0_9_7)";
:vpi_time_precision - 10;
:vpi_module "system";
:vpi_module "v2005_math";
:vpi_module "va_math";
S_00FE49E0 .scope module, "cpu_tb" "cpu_tb" 2 3;
 .timescale -9 -10;
L_01035500 .functor OR 1, v0102D4C0_0, v0102B5F0_0, C4<0>, C4<0>;
v01033690_0 .net "ADDRESS", 7 0, v01031D40_0; 1 drivers
v010337F0_0 .net "BUSYWAIT", 0 0, L_01035500; 1 drivers
v01033BB8_0 .var "CLK", 0 0;
v010336E8_0 .net "DCACHE_BUSYWAIT", 0 0, v0102B5F0_0; 1 drivers
v01033740_0 .net "INSTCACHE_BUSYWAIT", 0 0, v0102D4C0_0; 1 drivers
v01033C10_0 .net "INSTRUCTION", 31 0, L_0103A8A0; 1 drivers
v01033798_0 .net "INSTRUCT_ADDRESS", 5 0, v0102E2B8_0; 1 drivers
v01033AB0_0 .net "INSTRUCT_BUSYWAIT", 0 0, v0102DC30_0; 1 drivers
v01033D18_0 .net "INSTRUCT_READ", 0 0, v0102E3C0_0; 1 drivers
v01033848_0 .net "INSTRUCT_READDATA", 127 0, v0102DE98_0; 1 drivers
v010338A0_0 .net "MEMADDRESS", 5 0, v0102B6A0_0; 1 drivers
v01033B60_0 .net "MEMBUSYWAIT", 0 0, v0102C408_0; 1 drivers
v010338F8_0 .net "MEMREADDATA", 31 0, v0102CCD8_0; 1 drivers
v01033950_0 .net "MEMRead", 0 0, v0102B6F8_0; 1 drivers
v01033B08_0 .net "MEMWRITEDATA", 31 0, v0102BF90_0; 1 drivers
v01033C68_0 .net "MEMWrite", 0 0, v0102BDD8_0; 1 drivers
v010339A8_0 .net "PC", 31 0, v01033110_0; 1 drivers
v01033CC0_0 .net "READDATA", 7 0, v0102C098_0; 1 drivers
v01033428_0 .var "RESET", 0 0;
v01034148_0 .net "Read", 0 0, v010329D8_0; 1 drivers
v01034880_0 .net "WRITEDATA", 7 0, L_01035458; 1 drivers
v01034408_0 .net "Write", 0 0, v01032D48_0; 1 drivers
L_0103A218 .part v01033110_0, 2, 8;
S_00FC7C28 .scope module, "mycpu" "cpu" 2 59, 2 104, S_00FE49E0;
 .timescale -9 -10;
L_010350D8 .functor AND 1, v01032928_0, L_010341A0, C4<1>, C4<1>;
L_0103AC60 .functor NOT 1, v01031A80_0, C4<0>, C4<0>, C4<0>;
v01032F00_0 .alias "ALURESULT", 7 0, v01033690_0;
v01032DF8_0 .net "AndOut1", 0 0, L_0103AE90; 1 drivers
v01033378_0 .net "AndOut2", 0 0, L_0103ABF0; 1 drivers
v010330B8_0 .net "BRANCHto", 31 0, L_01039EA8; 1 drivers
v01032A88_0 .net "CLK", 0 0, v01033BB8_0; 1 drivers
v01032A30_0 .var "DESTINATION", 2 0;
v010331C0_0 .alias "INSTRUCTION", 31 0, v01033C10_0;
v01033008_0 .net "NEGATIVE", 7 0, L_010341F8; 1 drivers
v01032F58_0 .net "NEXT", 31 0, L_01034720; 1 drivers
v01032AE0_0 .net "OFFSET", 31 0, L_01039F58; 1 drivers
v01033060_0 .alias "OUT1", 7 0, v01034880_0;
v01032980_0 .net "OUT2", 7 0, L_01034F18; 1 drivers
v01032FB0_0 .net "OUT3", 7 0, v010324B0_0; 1 drivers
v01032B38_0 .net "OUT4", 7 0, v010327C8_0; 1 drivers
v01032B90_0 .net "OrOut", 0 0, L_0103B130; 1 drivers
v01033110_0 .var "PC", 31 0;
v01032CF0_0 .net "PCNEXT", 31 0, v0102F078_0; 1 drivers
v01033168_0 .net "PCbranch", 31 0, v0102F0D0_0; 1 drivers
v01032BE8_0 .net "RESET", 0 0, v01033428_0; 1 drivers
v01032EA8_0 .net "RESULT", 7 0, v0102D600_0; 1 drivers
v01033218_0 .alias "ReadData", 7 0, v01033CC0_0;
v010329D8_0 .var "ReadFromMem", 0 0;
v01032E50_0 .var "SEL", 2 0;
v010332C8_0 .var "SOURCE1", 2 0;
v01033320_0 .var "SOURCE2", 2 0;
v010333D0_0 .var "ShiftSEL", 1 0;
v01032C40_0 .alias "WAIT", 0 0, v010337F0_0;
v01032928_0 .var "WRITE", 0 0;
v01032D48_0 .var "WriteToMem", 0 0;
v01033480_0 .net "Zero", 0 0, v01031A80_0; 1 drivers
v01033530_0 .net *"_s1", 0 0, L_010341A0; 1 drivers
v010335E0_0 .var "isBRANCH", 0 0;
v01033588_0 .var "isIMMEDIATE", 0 0;
v01033A00_0 .var "isJUMP", 0 0;
v01033D70_0 .var "isMem", 0 0;
v010334D8_0 .var "isNEGATIVE", 0 0;
v01033638_0 .var "isNotEqlBRANCH", 0 0;
E_00FEC6F0 .event edge, v0102E4C8_0;
E_00FEC3D0 .event negedge, v01032C40_0;
L_010341A0 .reduce/nor L_01035500;
L_01033EE0 .part L_0103A8A0, 0, 8;
L_010396C0 .part L_0103A8A0, 16, 8;
S_00F7F618 .scope module, "a1" "pc_adder" 2 126, 2 637, S_00FC7C28;
 .timescale -9 -10;
v01032C98_0 .alias "IN", 31 0, v010339A8_0;
v01033270_0 .alias "OUT", 31 0, v01032F58_0;
v01032DA0_0 .net *"_s0", 31 0, C4<00000000000000000000000000000100>; 1 drivers
L_01034720 .delay (10,10,10) L_01034720/d;
L_01034720/d .arith/sum 32, v01033110_0, C4<00000000000000000000000000000100>;
S_00F7EAF0 .scope module, "a2" "reg_file" 2 127, 2 391, S_00FC7C28;
 .timescale -9 -10;
L_01035458/d .functor BUFZ 8, L_010345C0, C4<00000000>, C4<00000000>, C4<00000000>;
L_01035458 .delay (20,20,20) L_01035458/d;
L_01034F18/d .functor BUFZ 8, L_01034618, C4<00000000>, C4<00000000>, C4<00000000>;
L_01034F18 .delay (20,20,20) L_01034F18/d;
v01032248_0 .alias "CLK", 0 0, v01032A88_0;
v01032400_0 .alias "IN", 7 0, v01032EA8_0;
v010322A0_0 .net "INADDRESS", 2 0, v01032A30_0; 1 drivers
v01032878_0 .alias "OUT1", 7 0, v01034880_0;
v01032458_0 .net "OUT1ADDRESS", 2 0, v010332C8_0; 1 drivers
v010328D0_0 .alias "OUT2", 7 0, v01032980_0;
v010320E8_0 .net "OUT2ADDRESS", 2 0, v01033320_0; 1 drivers
v01031F88_0 .alias "RESET", 0 0, v01032BE8_0;
v01032560 .array "Registers", 7 0, 7 0;
v010325B8_0 .net "WRITE", 0 0, L_010350D8; 1 drivers
v01031E28_0 .net *"_s0", 7 0, L_010345C0; 1 drivers
v01031ED8_0 .net *"_s4", 7 0, L_01034618; 1 drivers
v01031F30_0 .var/i "i", 31 0;
L_010345C0 .array/port v01032560, v010332C8_0;
L_01034618 .array/port v01032560, v01033320_0;
S_00F7F948 .scope module, "t1" "twosCompliment" 2 128, 2 518, S_00FC7C28;
 .timescale -9 -10;
L_010352D0 .functor NOT 9, L_01033F38, C4<000000000>, C4<000000000>, C4<000000000>;
v010321F0_0 .alias "DATA", 7 0, v01032980_0;
v01032350_0 .alias "OUT", 7 0, v01033008_0;
v01032610_0 .net *"_s0", 8 0, L_01033F38; 1 drivers
v01032038_0 .net *"_s10", 22 0, C4<00000000000000000000000>; 1 drivers
v01032508_0 .net *"_s11", 31 0, L_01034460; 1 drivers
v01032090_0 .net *"_s12", 31 0, L_01034250; 1 drivers
v010326C0_0 .net *"_s3", 0 0, C4<0>; 1 drivers
v01032668_0 .net *"_s4", 8 0, L_010352D0; 1 drivers
v01032770_0 .net *"_s6", 31 0, C4<00000000000000000000000000000001>; 1 drivers
L_01033F38 .concat [ 8 1 0 0], L_01034F18, C4<0>;
L_01034460 .concat [ 9 23 0 0], L_010352D0, C4<00000000000000000000000>;
L_01034250 .arith/sum 32, L_01034460, C4<00000000000000000000000000000001>;
L_010341F8 .delay (10,10,10) L_010341F8/d;
L_010341F8/d .part L_01034250, 0, 8;
S_00F7ED98 .scope module, "m1" "selectMUX" 2 129, 2 654, S_00FC7C28;
 .timescale -9 -10;
v01032820_0 .alias "IN1", 7 0, v01033008_0;
v01032140_0 .alias "IN2", 7 0, v01032980_0;
v010324B0_0 .var "OUT", 7 0;
v01032718_0 .net "SELECT", 0 0, v010334D8_0; 1 drivers
E_00FEC790 .event edge, v01032718_0, v01032820_0, v01032140_0;
S_00FD6FB8 .scope module, "m2" "selectMUX" 2 130, 2 654, S_00FC7C28;
 .timescale -9 -10;
v010322F8_0 .net "IN1", 7 0, L_01033EE0; 1 drivers
v01031E80_0 .alias "IN2", 7 0, v01032FB0_0;
v010327C8_0 .var "OUT", 7 0;
v01031FE0_0 .net "SELECT", 0 0, v01033588_0; 1 drivers
E_00FEC5B0 .event edge, v01031FE0_0, v010322F8_0, v01031E80_0;
S_00FD68D0 .scope module, "a3" "alu" 2 131, 2 429, S_00FC7C28;
 .timescale -9 -10;
v010319D0_0 .alias "DATA1", 7 0, v01034880_0;
v01031C90_0 .alias/s "DATA2", 7 0, v01032B38_0;
v01031D40_0 .var/s "RESULT", 7 0;
v01031A28_0 .net "SELECT", 2 0, v01032E50_0; 1 drivers
v01031978_0 .net "ShiftOp", 1 0, v010333D0_0; 1 drivers
v01031A80_0 .var "ZERO", 0 0;
v01031AD8_0 .net "a", 7 0, L_00FDE8A8; 1 drivers
v01031BE0_0 .net "b", 7 0, L_01034098; 1 drivers
v01031C38_0 .net "c", 7 0, L_01036D20; 1 drivers
v01031D98_0 .net "d", 7 0, L_01036EE0; 1 drivers
v010323A8_0 .net "e", 7 0, v01030FD8_0; 1 drivers
v01032198_0 .net "f", 7 0, L_010399D8; 1 drivers
E_00FEC370 .event edge, v01031A28_0, v0102F3E8_0, v0102C250_0;
E_00FEC350 .event edge, v01031B30_0;
S_00FD7AE0 .scope module, "ins1" "FORWARD" 2 443, 2 473, S_00FD68D0;
 .timescale -9 -10;
L_00FDE8A8/d .functor BUFZ 8, v010327C8_0, C4<00000000>, C4<00000000>, C4<00000000>;
L_00FDE8A8 .delay (10,10,10) L_00FDE8A8/d;
v01031CE8_0 .alias "DATA", 7 0, v01032B38_0;
v01031B88_0 .alias "OUT", 7 0, v01031AD8_0;
S_00FD72E8 .scope module, "ins2" "ADD" 2 444, 2 484, S_00FD68D0;
 .timescale -9 -10;
v01030ED0_0 .alias "DATA1", 7 0, v01034880_0;
v01031920_0 .alias "DATA2", 7 0, v01032B38_0;
v01031B30_0 .alias "OUT", 7 0, v01031BE0_0;
L_01034098 .delay (20,20,20) L_01034098/d;
L_01034098/d .arith/sum 8, L_01035458, v010327C8_0;
S_00FD5C98 .scope module, "ins5" "AND" 2 445, 2 496, S_00FD68D0;
 .timescale -9 -10;
L_01036D20/d .functor AND 8, L_01035458, v010327C8_0, C4<11111111>, C4<11111111>;
L_01036D20 .delay (10,10,10) L_01036D20/d;
v01031768_0 .alias "DATA1", 7 0, v01034880_0;
v010317C0_0 .alias "DATA2", 7 0, v01032B38_0;
v01030E78_0 .alias "OUT", 7 0, v01031C38_0;
S_00FD6408 .scope module, "ins6" "OR" 2 446, 2 507, S_00FD68D0;
 .timescale -9 -10;
L_01036EE0/d .functor OR 8, L_01035458, v010327C8_0, C4<00000000>, C4<00000000>;
L_01036EE0 .delay (10,10,10) L_01036EE0/d;
v010314A8_0 .alias "DATA1", 7 0, v01034880_0;
v01031608_0 .alias "DATA2", 7 0, v01032B38_0;
v01031710_0 .alias "OUT", 7 0, v01031D98_0;
S_00FD61E8 .scope module, "ins7" "SHIFT" 2 447, 2 526, S_00FD68D0;
 .timescale -9 -10;
v01031138_0 .alias "DATA", 7 0, v01034880_0;
v01030FD8_0 .var "OUT", 7 0;
v010311E8_0 .alias "ShiftValue", 7 0, v01032B38_0;
v01031240_0 .alias "shiftOP", 1 0, v01031978_0;
E_00FEC6B0 .event edge, v01031240_0, v0102F3E8_0, v0102C250_0;
S_00FD6050 .scope module, "ins8" "MULTIPLY" 2 448, 2 591, S_00FD68D0;
 .timescale -9 -10;
v0102F390_0 .alias "DATA1", 7 0, v01034880_0;
v0102F3E8_0 .alias "DATA2", 7 0, v01032B38_0;
v0102F440_0 .alias "OUT", 7 0, v01032198_0;
v0102F498_0 .net *"_s1", 0 0, L_01034510; 1 drivers
v0102F4F0_0 .net *"_s10", 7 0, L_01034568; 1 drivers
v0102F548_0 .net *"_s101", 1 0, C4<00>; 1 drivers
v0102FCD8_0 .net *"_s102", 2 0, C4<001>; 1 drivers
v0102F910_0 .net *"_s104", 0 0, L_01034DA8; 1 drivers
v0102FA70_0 .net *"_s106", 4 0, C4<00000>; 1 drivers
v0102FB20_0 .net *"_s108", 12 0, L_01034930; 1 drivers
v0102F9C0_0 .net *"_s110", 12 0, C4<0000000000000>; 1 drivers
v0102FD30_0 .net *"_s112", 12 0, L_01033A58; 1 drivers
v0102FAC8_0 .net *"_s117", 0 0, L_01039560; 1 drivers
v0102FD88_0 .net *"_s118", 2 0, L_01039B90; 1 drivers
v0102FC80_0 .net *"_s12", 7 0, C4<00000000>; 1 drivers
v0102F968_0 .net *"_s121", 1 0, C4<00>; 1 drivers
v0102FC28_0 .net *"_s122", 2 0, C4<001>; 1 drivers
v0102FA18_0 .net *"_s124", 0 0, L_0103A008; 1 drivers
v0102FB78_0 .net *"_s126", 5 0, C4<000000>; 1 drivers
v0102FFD0_0 .net *"_s128", 13 0, L_01039A30; 1 drivers
v0102FF78_0 .net *"_s130", 13 0, C4<00000000000000>; 1 drivers
v01030708_0 .net *"_s132", 13 0, L_01039F00; 1 drivers
v01030238_0 .net *"_s137", 0 0, L_010397C8; 1 drivers
v010301E0_0 .net *"_s138", 2 0, L_01039DA0; 1 drivers
v01030340_0 .net *"_s141", 1 0, C4<00>; 1 drivers
v01030028_0 .net *"_s142", 2 0, C4<001>; 1 drivers
v01030810_0 .net *"_s144", 0 0, L_01039E50; 1 drivers
v01030658_0 .net *"_s146", 6 0, C4<0000000>; 1 drivers
v0102FE18_0 .net *"_s148", 14 0, L_010398D0; 1 drivers
v01030130_0 .net *"_s150", 14 0, C4<000000000000000>; 1 drivers
v01030600_0 .net *"_s152", 14 0, L_01039668; 1 drivers
v010303F0_0 .net *"_s156", 7 0, L_01039980; 1 drivers
v01030760_0 .net *"_s158", 7 0, L_01039770; 1 drivers
v01030080_0 .net *"_s160", 7 0, L_01039610; 1 drivers
v01030188_0 .net *"_s162", 7 0, L_01039DF8; 1 drivers
v0102FE70_0 .net *"_s164", 7 0, L_01039928; 1 drivers
v01030290_0 .net *"_s166", 7 0, L_01039820; 1 drivers
v010306B0_0 .net *"_s17", 0 0, L_010343B0; 1 drivers
v01030448_0 .net *"_s18", 2 0, L_01033FE8; 1 drivers
v010307B8_0 .net *"_s2", 2 0, L_010344B8; 1 drivers
v010304F8_0 .net *"_s21", 1 0, C4<00>; 1 drivers
v0102FEC8_0 .net *"_s22", 2 0, C4<001>; 1 drivers
v010302E8_0 .net *"_s24", 0 0, L_010347D0; 1 drivers
v01030868_0 .net *"_s26", 0 0, C4<0>; 1 drivers
v01030398_0 .net *"_s28", 8 0, L_01034358; 1 drivers
v010308C0_0 .net *"_s30", 8 0, C4<000000000>; 1 drivers
v0102FF20_0 .net *"_s32", 8 0, L_010340F0; 1 drivers
v010300D8_0 .net *"_s37", 0 0, L_010342A8; 1 drivers
v010304A0_0 .net *"_s38", 2 0, L_010346C8; 1 drivers
v01030550_0 .net *"_s41", 1 0, C4<00>; 1 drivers
v010305A8_0 .net *"_s42", 2 0, C4<001>; 1 drivers
v01030A78_0 .net *"_s44", 0 0, L_01034778; 1 drivers
v01030CE0_0 .net *"_s46", 1 0, C4<00>; 1 drivers
v01030AD0_0 .net *"_s48", 9 0, L_01034828; 1 drivers
v01030B28_0 .net *"_s5", 1 0, C4<00>; 1 drivers
v01030C88_0 .net *"_s50", 9 0, C4<0000000000>; 1 drivers
v01030BD8_0 .net *"_s52", 9 0, L_01034300; 1 drivers
v01030970_0 .net *"_s57", 0 0, L_01033E30; 1 drivers
v010309C8_0 .net *"_s58", 2 0, L_01033E88; 1 drivers
v01030B80_0 .net *"_s6", 2 0, C4<001>; 1 drivers
v01030A20_0 .net *"_s61", 1 0, C4<00>; 1 drivers
v01030C30_0 .net *"_s62", 2 0, C4<001>; 1 drivers
v01030D38_0 .net *"_s64", 0 0, L_01034BF0; 1 drivers
v01030D90_0 .net *"_s66", 2 0, C4<000>; 1 drivers
v01030918_0 .net *"_s68", 10 0, L_01034A38; 1 drivers
v0102FBD0_0 .net *"_s70", 10 0, C4<00000000000>; 1 drivers
v01031190_0 .net *"_s72", 10 0, L_01034CF8; 1 drivers
v01031818_0 .net *"_s77", 0 0, L_01034A90; 1 drivers
v01031030_0 .net *"_s78", 2 0, L_01034B40; 1 drivers
v01031298_0 .net *"_s8", 0 0, L_01034040; 1 drivers
v01031870_0 .net *"_s81", 1 0, C4<00>; 1 drivers
v010318C8_0 .net *"_s82", 2 0, C4<001>; 1 drivers
v010313F8_0 .net *"_s84", 0 0, L_01034C48; 1 drivers
v01030E20_0 .net *"_s86", 3 0, C4<0000>; 1 drivers
v01031348_0 .net *"_s88", 11 0, L_010349E0; 1 drivers
v01031088_0 .net *"_s90", 11 0, C4<000000000000>; 1 drivers
v01031558_0 .net *"_s92", 11 0, L_01034988; 1 drivers
v010312F0_0 .net *"_s97", 0 0, L_01034D50; 1 drivers
v010316B8_0 .net *"_s98", 2 0, L_01034CA0; 1 drivers
v01030F80_0 .net "p0", 7 0, L_01033F90; 1 drivers
v01031500_0 .net "p1", 7 0, L_01034670; 1 drivers
v01031450_0 .net "p2", 7 0, L_010348D8; 1 drivers
v01030F28_0 .net "p3", 7 0, L_01034AE8; 1 drivers
v01031660_0 .net "p4", 7 0, L_01034B98; 1 drivers
v010313A0_0 .net "p5", 7 0, L_01039AE0; 1 drivers
v010315B0_0 .net "p6", 7 0, L_010395B8; 1 drivers
v010310E0_0 .net "p7", 7 0, L_01039878; 1 drivers
L_01034510 .part v010327C8_0, 0, 1;
L_010344B8 .concat [ 1 2 0 0], L_01034510, C4<00>;
L_01034040 .cmp/eq 3, L_010344B8, C4<001>;
L_01034568 .concat [ 8 0 0 0], L_01035458;
L_01033F90 .functor MUXZ 8, C4<00000000>, L_01034568, L_01034040, C4<>;
L_010343B0 .part v010327C8_0, 1, 1;
L_01033FE8 .concat [ 1 2 0 0], L_010343B0, C4<00>;
L_010347D0 .cmp/eq 3, L_01033FE8, C4<001>;
L_01034358 .concat [ 1 8 0 0], C4<0>, L_01035458;
L_010340F0 .functor MUXZ 9, C4<000000000>, L_01034358, L_010347D0, C4<>;
L_01034670 .part L_010340F0, 0, 8;
L_010342A8 .part v010327C8_0, 2, 1;
L_010346C8 .concat [ 1 2 0 0], L_010342A8, C4<00>;
L_01034778 .cmp/eq 3, L_010346C8, C4<001>;
L_01034828 .concat [ 2 8 0 0], C4<00>, L_01035458;
L_01034300 .functor MUXZ 10, C4<0000000000>, L_01034828, L_01034778, C4<>;
L_010348D8 .part L_01034300, 0, 8;
L_01033E30 .part v010327C8_0, 3, 1;
L_01033E88 .concat [ 1 2 0 0], L_01033E30, C4<00>;
L_01034BF0 .cmp/eq 3, L_01033E88, C4<001>;
L_01034A38 .concat [ 3 8 0 0], C4<000>, L_01035458;
L_01034CF8 .functor MUXZ 11, C4<00000000000>, L_01034A38, L_01034BF0, C4<>;
L_01034AE8 .part L_01034CF8, 0, 8;
L_01034A90 .part v010327C8_0, 4, 1;
L_01034B40 .concat [ 1 2 0 0], L_01034A90, C4<00>;
L_01034C48 .cmp/eq 3, L_01034B40, C4<001>;
L_010349E0 .concat [ 4 8 0 0], C4<0000>, L_01035458;
L_01034988 .functor MUXZ 12, C4<000000000000>, L_010349E0, L_01034C48, C4<>;
L_01034B98 .part L_01034988, 0, 8;
L_01034D50 .part v010327C8_0, 5, 1;
L_01034CA0 .concat [ 1 2 0 0], L_01034D50, C4<00>;
L_01034DA8 .cmp/eq 3, L_01034CA0, C4<001>;
L_01034930 .concat [ 5 8 0 0], C4<00000>, L_01035458;
L_01033A58 .functor MUXZ 13, C4<0000000000000>, L_01034930, L_01034DA8, C4<>;
L_01039AE0 .part L_01033A58, 0, 8;
L_01039560 .part v010327C8_0, 6, 1;
L_01039B90 .concat [ 1 2 0 0], L_01039560, C4<00>;
L_0103A008 .cmp/eq 3, L_01039B90, C4<001>;
L_01039A30 .concat [ 6 8 0 0], C4<000000>, L_01035458;
L_01039F00 .functor MUXZ 14, C4<00000000000000>, L_01039A30, L_0103A008, C4<>;
L_010395B8 .part L_01039F00, 0, 8;
L_010397C8 .part v010327C8_0, 7, 1;
L_01039DA0 .concat [ 1 2 0 0], L_010397C8, C4<00>;
L_01039E50 .cmp/eq 3, L_01039DA0, C4<001>;
L_010398D0 .concat [ 7 8 0 0], C4<0000000>, L_01035458;
L_01039668 .functor MUXZ 15, C4<000000000000000>, L_010398D0, L_01039E50, C4<>;
L_01039878 .part L_01039668, 0, 8;
L_01039980 .arith/sum 8, L_01033F90, L_01034670;
L_01039770 .arith/sum 8, L_01039980, L_010348D8;
L_01039610 .arith/sum 8, L_01039770, L_01034AE8;
L_01039DF8 .arith/sum 8, L_01039610, L_01034B98;
L_01039928 .arith/sum 8, L_01039DF8, L_01039AE0;
L_01039820 .arith/sum 8, L_01039928, L_010395B8;
L_010399D8 .delay (10,10,10) L_010399D8/d;
L_010399D8/d .arith/sum 8, L_01039820, L_01039878;
S_00FD60D8 .scope module, "a4" "and_gate" 2 132, 2 610, S_00FC7C28;
 .timescale -9 -10;
L_0103AE90 .functor AND 1, v01031A80_0, v010335E0_0, C4<1>, C4<1>;
v0102F230_0 .alias "IN1", 0 0, v01033480_0;
v0102F288_0 .net "IN2", 0 0, v010335E0_0; 1 drivers
v0102F338_0 .alias "OUT", 0 0, v01032DF8_0;
S_00FC6660 .scope module, "a5" "and_gate" 2 133, 2 610, S_00FC7C28;
 .timescale -9 -10;
L_0103ABF0 .functor AND 1, L_0103AC60, v01033638_0, C4<1>, C4<1>;
v0102F128_0 .net "IN1", 0 0, L_0103AC60; 1 drivers
v0102F180_0 .net "IN2", 0 0, v01033638_0; 1 drivers
v0102F1D8_0 .alias "OUT", 0 0, v01033378_0;
S_00FC65D8 .scope module, "o1" "or_gate" 2 134, 2 619, S_00FC7C28;
 .timescale -9 -10;
L_0103B130 .functor OR 1, L_0103AE90, L_0103ABF0, C4<0>, C4<0>;
v0102F2E0_0 .alias "IN1", 0 0, v01032DF8_0;
v0102EE68_0 .alias "IN2", 0 0, v01033378_0;
v0102EFC8_0 .alias "OUT", 0 0, v01032B90_0;
S_00FC6198 .scope module, "m3" "PCmux" 2 135, 2 668, S_00FC7C28;
 .timescale -9 -10;
v0102F8B8_0 .alias "IN1", 31 0, v010330B8_0;
v0102F700_0 .alias "IN2", 31 0, v01032F58_0;
v0102F0D0_0 .var "OUT", 31 0;
v0102EE10_0 .alias "SELECT", 0 0, v01032B90_0;
E_00FEC410 .event edge, v0102EE10_0, v0102EF70_0, v0102F860_0;
S_00FC73A8 .scope module, "b1" "branch_adder" 2 136, 2 628, S_00FC7C28;
 .timescale -9 -10;
v0102F5F8_0 .alias "in", 31 0, v01032AE0_0;
v0102F7B0_0 .alias "out", 31 0, v010330B8_0;
v0102F860_0 .alias "pcNext", 31 0, v01032F58_0;
L_01039EA8 .delay (20,20,20) L_01039EA8/d;
L_01039EA8/d .arith/sum 32, L_01034720, L_01039F58;
S_00FC7DC0 .scope module, "m4" "PCmux" 2 137, 2 668, S_00FC7C28;
 .timescale -9 -10;
v0102EF70_0 .alias "IN1", 31 0, v010330B8_0;
v0102F758_0 .alias "IN2", 31 0, v01033168_0;
v0102F078_0 .var "OUT", 31 0;
v0102F6A8_0 .net "SELECT", 0 0, v01033A00_0; 1 drivers
E_00FEC4D0 .event edge, v0102F6A8_0, v0102EF70_0, v0102F758_0;
S_00FC7298 .scope module, "f1" "find_offset" 2 138, 2 645, S_00FC7C28;
 .timescale -9 -10;
v0102EF18_0 .net "IN", 7 0, L_010396C0; 1 drivers
v0102F5A0_0 .alias "OUT", 31 0, v01032AE0_0;
v0102F808_0 .net *"_s1", 0 0, L_01039A88; 1 drivers
v0102EEC0_0 .net *"_s2", 23 0, L_01039B38; 1 drivers
v0102F020_0 .net *"_s5", 5 0, L_01039BE8; 1 drivers
v0102F650_0 .net *"_s6", 1 0, C4<00>; 1 drivers
L_01039A88 .part L_010396C0, 7, 1;
LS_01039B38_0_0 .concat [ 1 1 1 1], L_01039A88, L_01039A88, L_01039A88, L_01039A88;
LS_01039B38_0_4 .concat [ 1 1 1 1], L_01039A88, L_01039A88, L_01039A88, L_01039A88;
LS_01039B38_0_8 .concat [ 1 1 1 1], L_01039A88, L_01039A88, L_01039A88, L_01039A88;
LS_01039B38_0_12 .concat [ 1 1 1 1], L_01039A88, L_01039A88, L_01039A88, L_01039A88;
LS_01039B38_0_16 .concat [ 1 1 1 1], L_01039A88, L_01039A88, L_01039A88, L_01039A88;
LS_01039B38_0_20 .concat [ 1 1 1 1], L_01039A88, L_01039A88, L_01039A88, L_01039A88;
LS_01039B38_1_0 .concat [ 4 4 4 4], LS_01039B38_0_0, LS_01039B38_0_4, LS_01039B38_0_8, LS_01039B38_0_12;
LS_01039B38_1_4 .concat [ 4 4 0 0], LS_01039B38_0_16, LS_01039B38_0_20;
L_01039B38 .concat [ 16 8 0 0], LS_01039B38_1_0, LS_01039B38_1_4;
L_01039BE8 .part L_010396C0, 0, 6;
L_01039F58 .concat [ 2 6 24 0], C4<00>, L_01039BE8, L_01039B38;
S_00FC7188 .scope module, "m5" "selectMUX" 2 139, 2 654, S_00FC7C28;
 .timescale -9 -10;
v0102D708_0 .alias "IN1", 7 0, v01033CC0_0;
v0102E0A8_0 .alias "IN2", 7 0, v01033690_0;
v0102D600_0 .var "OUT", 7 0;
v0102D258_0 .net "SELECT", 0 0, v01033D70_0; 1 drivers
E_00FEC530 .event edge, v0102D258_0, v0102C098_0, v0102BD80_0;
S_00FC7A90 .scope module, "d1" "instruction_memory" 2 62, 2 1041, S_00FE49E0;
 .timescale -9 -10;
v0102E050_0 .var *"_s10", 7 0; Local signal
v0102D658_0 .var *"_s11", 7 0; Local signal
v0102DB28_0 .var *"_s12", 7 0; Local signal
v0102D760_0 .var *"_s13", 7 0; Local signal
v0102DA78_0 .var *"_s14", 7 0; Local signal
v0102DD38_0 .var *"_s15", 7 0; Local signal
v0102DD90_0 .var *"_s16", 7 0; Local signal
v0102D918_0 .var *"_s17", 7 0; Local signal
v0102DE40_0 .var *"_s2", 7 0; Local signal
v0102D6B0_0 .var *"_s3", 7 0; Local signal
v0102D970_0 .var *"_s4", 7 0; Local signal
v0102DF48_0 .var *"_s5", 7 0; Local signal
v0102D9C8_0 .var *"_s6", 7 0; Local signal
v0102D7B8_0 .var *"_s7", 7 0; Local signal
v0102DA20_0 .var *"_s8", 7 0; Local signal
v0102DAD0_0 .var *"_s9", 7 0; Local signal
v0102DBD8_0 .alias "address", 5 0, v01033798_0;
v0102DC30_0 .var "busywait", 0 0;
v0102DDE8_0 .alias "clock", 0 0, v01032A88_0;
v0102DFA0 .array "memory_array", 0 1023, 7 0;
v0102DEF0_0 .alias "read", 0 0, v01033D18_0;
v0102DFF8_0 .var "readaccess", 0 0;
v0102DE98_0 .var "readinst", 127 0;
E_00FEC730 .event edge, v0102E3C0_0;
S_00FE5948 .scope module, "ich" "instruction_cache" 2 65, 2 1115, S_00FE49E0;
 .timescale -9 -10;
P_00FC4BBC .param/l "IDLE" 2 1189, C4<00>;
P_00FC4BD0 .param/l "MEM_READ" 2 1189, C4<01>;
P_00FC4BE4 .param/l "UPDATE_CACHE" 2 1189, C4<10>;
L_0103C518 .functor AND 1, L_0103A320, L_0103C400, C4<1>, C4<1>;
L_0103C7B8 .functor AND 1, L_0103A9A8, L_0103C400, C4<1>, C4<1>;
L_0103C278 .functor AND 1, L_0103A588, L_0103C400, C4<1>, C4<1>;
v0102C860_0 .net *"_s10", 0 0, L_0103C518; 1 drivers
v0102C9C0_0 .net *"_s13", 31 0, L_0103A638; 1 drivers
v0102CA18_0 .net *"_s15", 1 0, L_0103A848; 1 drivers
v0102CB20_0 .net *"_s16", 1 0, C4<01>; 1 drivers
v0102CB78_0 .net *"_s18", 0 0, L_0103A9A8; 1 drivers
v0102CC28_0 .net *"_s20", 0 0, L_0103C7B8; 1 drivers
v0102CC80_0 .net *"_s23", 31 0, L_0103A3D0; 1 drivers
v0102D360_0 .net *"_s25", 1 0, L_0103A428; 1 drivers
v0102D3B8_0 .net *"_s26", 1 0, C4<10>; 1 drivers
v0102D0F8_0 .net *"_s28", 0 0, L_0103A588; 1 drivers
v0102D308_0 .net *"_s30", 0 0, L_0103C278; 1 drivers
v0102D518_0 .net *"_s33", 31 0, L_0103A060; 1 drivers
v0102D468_0 .net *"_s35", 31 0, L_0103A480; 1 drivers
v0102D2B0_0 .net *"_s36", 31 0, L_0103A798; 1 drivers
v0102D200_0 .net *"_s38", 31 0, L_0103A8F8; 1 drivers
v0102D570_0 .net *"_s5", 1 0, L_0103A7F0; 1 drivers
v0102D410_0 .net *"_s6", 1 0, C4<00>; 1 drivers
v0102D150_0 .net *"_s8", 0 0, L_0103A320; 1 drivers
v0102D4C0_0 .var "busywait", 0 0;
v0102D1A8_0 .var "cache_data", 127 0;
v0102E1B0_0 .var "cache_update", 0 0;
v0102E578_0 .alias "clock", 0 0, v01032A88_0;
v0102E260_0 .net "hit", 0 0, L_0103C400; 1 drivers
v0102E100_0 .var/i "i", 31 0;
v0102E158_0 .net "index", 2 0, L_01039CF0; 1 drivers
v0102E2B8_0 .var "instrMem_address", 5 0;
v0102E368_0 .alias "instrMem_busywait", 0 0, v01033AB0_0;
v0102E3C0_0 .var "instrMem_read", 0 0;
v0102E418_0 .alias "instrMem_readdata", 127 0, v01033848_0;
v0102E470 .array "instr_cache", 7 0, 127 0;
v0102E4C8_0 .alias "instruction", 31 0, v01033C10_0;
v0102E208_0 .var "next_state", 2 0;
v0102E520_0 .net "pc_address", 7 0, L_0103A218; 1 drivers
v0102E310_0 .alias "reset", 0 0, v01032BE8_0;
v0102DB80_0 .var "state", 2 0;
v0102D868_0 .var "tag", 2 0;
v0102D8C0_0 .net "tagMatch", 0 0, L_0103C780; 1 drivers
v0102DC88 .array "tag_array", 7 0, 2 0;
v0102D810_0 .var "valid", 0 0;
v0102DCE0 .array "valid_array", 7 0, 0 0;
E_00FEC130 .event edge, v0102DB80_0;
E_00FEC0B0 .event edge, v0102DB80_0, v0102CE90_0, v0102E368_0;
E_00FEC0D0 .event edge, v0102E1B0_0;
v0102E470_0 .array/port v0102E470, 0;
v0102E470_1 .array/port v0102E470, 1;
v0102E470_2 .array/port v0102E470, 2;
E_00FEC150/0 .event edge, v0102E158_0, v0102E470_0, v0102E470_1, v0102E470_2;
v0102E470_3 .array/port v0102E470, 3;
v0102E470_4 .array/port v0102E470, 4;
v0102E470_5 .array/port v0102E470, 5;
v0102E470_6 .array/port v0102E470, 6;
E_00FEC150/1 .event edge, v0102E470_3, v0102E470_4, v0102E470_5, v0102E470_6;
v0102E470_7 .array/port v0102E470, 7;
v0102DC88_0 .array/port v0102DC88, 0;
v0102DC88_1 .array/port v0102DC88, 1;
v0102DC88_2 .array/port v0102DC88, 2;
E_00FEC150/2 .event edge, v0102E470_7, v0102DC88_0, v0102DC88_1, v0102DC88_2;
v0102DC88_3 .array/port v0102DC88, 3;
v0102DC88_4 .array/port v0102DC88, 4;
v0102DC88_5 .array/port v0102DC88, 5;
v0102DC88_6 .array/port v0102DC88, 6;
E_00FEC150/3 .event edge, v0102DC88_3, v0102DC88_4, v0102DC88_5, v0102DC88_6;
v0102DC88_7 .array/port v0102DC88, 7;
v0102DCE0_0 .array/port v0102DCE0, 0;
v0102DCE0_1 .array/port v0102DCE0, 1;
v0102DCE0_2 .array/port v0102DCE0, 2;
E_00FEC150/4 .event edge, v0102DC88_7, v0102DCE0_0, v0102DCE0_1, v0102DCE0_2;
v0102DCE0_3 .array/port v0102DCE0, 3;
v0102DCE0_4 .array/port v0102DCE0, 4;
v0102DCE0_5 .array/port v0102DCE0, 5;
v0102DCE0_6 .array/port v0102DCE0, 6;
E_00FEC150/5 .event edge, v0102DCE0_3, v0102DCE0_4, v0102DCE0_5, v0102DCE0_6;
v0102DCE0_7 .array/port v0102DCE0, 7;
E_00FEC150/6 .event edge, v0102DCE0_7;
E_00FEC150 .event/or E_00FEC150/0, E_00FEC150/1, E_00FEC150/2, E_00FEC150/3, E_00FEC150/4, E_00FEC150/5, E_00FEC150/6;
E_00FEC170 .event edge, v0102E520_0;
L_01039CF0 .delay (10,10,10) L_01039CF0/d;
L_01039CF0/d .part L_0103A218, 2, 3;
L_0103A950 .part L_0103A218, 5, 3;
L_0103A7F0 .part L_0103A218, 0, 2;
L_0103A320 .cmp/eq 2, L_0103A7F0, C4<00>;
L_0103A638 .part v0102D1A8_0, 0, 32;
L_0103A848 .part L_0103A218, 0, 2;
L_0103A9A8 .cmp/eq 2, L_0103A848, C4<01>;
L_0103A3D0 .part v0102D1A8_0, 32, 32;
L_0103A428 .part L_0103A218, 0, 2;
L_0103A588 .cmp/eq 2, L_0103A428, C4<10>;
L_0103A060 .part v0102D1A8_0, 64, 32;
L_0103A480 .part v0102D1A8_0, 96, 32;
L_0103A798 .functor MUXZ 32, L_0103A480, L_0103A060, L_0103C278, C4<>;
L_0103A8F8 .functor MUXZ 32, L_0103A798, L_0103A3D0, L_0103C7B8, C4<>;
L_0103A8A0 .delay (10,10,10) L_0103A8A0/d;
L_0103A8A0/d .functor MUXZ 32, L_0103A8F8, L_0103A638, L_0103C518, C4<>;
S_00FC7650 .scope module, "compareTag" "comparator" 2 1158, 2 939, S_00FE5948;
 .timescale -9 -10;
L_0103AF70 .functor XNOR 1, L_01039C40, L_01039C98, C4<0>, C4<0>;
L_00FDE988 .functor XNOR 1, L_01039D48, L_01039FB0, C4<0>, C4<0>;
L_01034F50 .functor XNOR 1, L_01039718, L_0103A5E0, C4<0>, C4<0>;
L_0103C748 .functor AND 1, L_0103AF70, L_00FDE988, C4<1>, C4<1>;
L_0103C780/d .functor AND 1, L_0103C748, L_01034F50, C4<1>, C4<1>;
L_0103C780 .delay (9,9,9) L_0103C780/d;
v0102CA70_0 .net "IN1", 2 0, v0102D868_0; 1 drivers
v0102CF40_0 .net "IN2", 2 0, L_0103A950; 1 drivers
v0102CF98_0 .alias "OUT", 0 0, v0102D8C0_0;
v0102CFF0_0 .net *"_s12", 0 0, L_01039718; 1 drivers
v0102CAC8_0 .net *"_s14", 0 0, L_0103A5E0; 1 drivers
v0102D048_0 .net *"_s15", 0 0, L_0103C748; 1 drivers
v0102D0A0_0 .net *"_s2", 0 0, L_01039C40; 1 drivers
v0102C5F8_0 .net *"_s4", 0 0, L_01039C98; 1 drivers
v0102C8B8_0 .net *"_s7", 0 0, L_01039D48; 1 drivers
v0102C758_0 .net *"_s9", 0 0, L_01039FB0; 1 drivers
v0102C910_0 .net "w0", 0 0, L_0103AF70; 1 drivers
v0102C700_0 .net "w1", 0 0, L_00FDE988; 1 drivers
v0102C808_0 .net "w2", 0 0, L_01034F50; 1 drivers
L_01039C40 .part v0102D868_0, 0, 1;
L_01039C98 .part L_0103A950, 0, 1;
L_01039D48 .part v0102D868_0, 1, 1;
L_01039FB0 .part L_0103A950, 1, 1;
L_01039718 .part v0102D868_0, 2, 1;
L_0103A5E0 .part L_0103A950, 2, 1;
S_00FC7BA0 .scope module, "gate1" "and_gate" 2 1159, 2 610, S_00FE5948;
 .timescale -9 -10;
L_0103C400 .functor AND 1, L_0103C780, v0102D810_0, C4<1>, C4<1>;
v0102CD30_0 .alias "IN1", 0 0, v0102D8C0_0;
v0102CD88_0 .net "IN2", 0 0, v0102D810_0; 1 drivers
v0102CE90_0 .alias "OUT", 0 0, v0102E260_0;
S_00FE4D98 .scope module, "d2" "data_memory" 2 68, 2 955, S_00FE49E0;
 .timescale -9 -10;
v0102C4B8_0 .var *"_s10", 7 0; Local signal
v0102C2A8_0 .var *"_s3", 7 0; Local signal
v0102C300_0 .var *"_s4", 7 0; Local signal
v0102C358_0 .var *"_s5", 7 0; Local signal
v0102C1F8_0 .var *"_s6", 7 0; Local signal
v0102C568_0 .var *"_s7", 7 0; Local signal
v0102C460_0 .var *"_s8", 7 0; Local signal
v0102C0F0_0 .var *"_s9", 7 0; Local signal
v0102C3B0_0 .alias "address", 5 0, v010338A0_0;
v0102C408_0 .var "busywait", 0 0;
v0102C510_0 .alias "clock", 0 0, v01032A88_0;
v0102C148_0 .var/i "i", 31 0;
v0102C968 .array "memory_array", 0 255, 7 0;
v0102CDE0_0 .alias "read", 0 0, v01033950_0;
v0102C7B0_0 .var "readaccess", 0 0;
v0102CCD8_0 .var "readdata", 31 0;
v0102C650_0 .alias "reset", 0 0, v01032BE8_0;
v0102C6A8_0 .alias "write", 0 0, v01033C68_0;
v0102CE38_0 .var "writeaccess", 0 0;
v0102CEE8_0 .alias "writedata", 31 0, v01033B08_0;
E_00FEC110 .event posedge, v0102B7A8_0;
E_00FEC230 .event edge, v0102BDD8_0, v0102B6F8_0;
S_00FE4490 .scope module, "ch" "dcache" 2 71, 2 682, S_00FE49E0;
 .timescale -9 -10;
P_00FF167C .param/l "CACHE_UPDATE" 2 810, C4<011>;
P_00FF1690 .param/l "IDLE" 2 810, C4<000>;
P_00FF16A4 .param/l "MEM_READ" 2 810, C4<001>;
P_00FF16B8 .param/l "MEM_WRITE" 2 810, C4<010>;
v0102BD80_0 .alias "address", 7 0, v01033690_0;
v0102B908_0 .var "address_tag", 2 0;
v0102B8B0_0 .var "block", 31 0;
v0102B5F0_0 .var "busywait", 0 0;
v0102BA68_0 .var "cache_update", 0 0;
v0102BB18_0 .alias "clock", 0 0, v01032A88_0;
v0102B648 .array "data_block_array", 0 7, 31 0;
v0102B9B8_0 .var "dirty", 0 0;
v0102C040 .array "dirtybit_array", 0 7, 0 0;
v0102B800_0 .net "eql", 0 0, L_0103CB38; 1 drivers
v0102BB70_0 .net "hit", 0 0, L_0103CB70; 1 drivers
v0102BE88_0 .var "index", 2 0;
v0102BF38_0 .var/i "j", 31 0;
v0102B6A0_0 .var "mem_address", 5 0;
v0102BE30_0 .alias "mem_busywait", 0 0, v01033B60_0;
v0102B6F8_0 .var "mem_read", 0 0;
v0102B750_0 .alias "mem_readdata", 31 0, v010338F8_0;
v0102BDD8_0 .var "mem_write", 0 0;
v0102BF90_0 .var "mem_writedata", 31 0;
v0102BEE0_0 .var "next_state", 2 0;
v0102BAC0_0 .var "offset", 1 0;
v0102BBC8_0 .alias "read", 0 0, v01034148_0;
v0102BFE8_0 .var "readaccess", 0 0;
v0102C098_0 .var "readdata", 7 0;
v0102B7A8_0 .alias "reset", 0 0, v01032BE8_0;
v0102B858_0 .var "state", 2 0;
v0102BA10_0 .var "tag", 2 0;
v0102BC20 .array "tag_array", 0 7, 2 0;
v0102BC78_0 .var "valid", 0 0;
v0102BD28 .array "validbit_array", 0 7, 0 0;
v0102BCD0_0 .alias "write", 0 0, v01034408_0;
v0102C1A0_0 .var "writeaccess", 0 0;
v0102C250_0 .alias "writedata", 7 0, v01034880_0;
E_00FEA150/0 .event edge, v0102B7A8_0;
E_00FEA150/1 .event posedge, v0102BB18_0;
E_00FEA150 .event/or E_00FEA150/0, E_00FEA150/1;
E_00FEA350 .event edge, v0102B858_0, v00FDC450_0, v0102BE88_0, v0102B8B0_0;
E_00FEA630/0 .event edge, v0102B858_0, v0102BBC8_0, v0102BCD0_0, v0102B9B8_0;
E_00FEA630/1 .event edge, v00FDC030_0, v0102BE30_0;
E_00FEA630 .event/or E_00FEA630/0, E_00FEA630/1;
E_00FEA370 .event edge, v0102BA68_0;
E_00FEAE70 .event posedge, v0102BB18_0;
E_00FEB210 .event edge, v0102BAC0_0, v0102B8B0_0;
E_00FEB110/0 .event edge, v0102BFE8_0, v0102C1A0_0, v0102BD80_0, v0102BE88_0;
v0102B648_0 .array/port v0102B648, 0;
v0102B648_1 .array/port v0102B648, 1;
v0102B648_2 .array/port v0102B648, 2;
v0102B648_3 .array/port v0102B648, 3;
E_00FEB110/1 .event edge, v0102B648_0, v0102B648_1, v0102B648_2, v0102B648_3;
v0102B648_4 .array/port v0102B648, 4;
v0102B648_5 .array/port v0102B648, 5;
v0102B648_6 .array/port v0102B648, 6;
v0102B648_7 .array/port v0102B648, 7;
E_00FEB110/2 .event edge, v0102B648_4, v0102B648_5, v0102B648_6, v0102B648_7;
v0102BC20_0 .array/port v0102BC20, 0;
v0102BC20_1 .array/port v0102BC20, 1;
v0102BC20_2 .array/port v0102BC20, 2;
v0102BC20_3 .array/port v0102BC20, 3;
E_00FEB110/3 .event edge, v0102BC20_0, v0102BC20_1, v0102BC20_2, v0102BC20_3;
v0102BC20_4 .array/port v0102BC20, 4;
v0102BC20_5 .array/port v0102BC20, 5;
v0102BC20_6 .array/port v0102BC20, 6;
v0102BC20_7 .array/port v0102BC20, 7;
E_00FEB110/4 .event edge, v0102BC20_4, v0102BC20_5, v0102BC20_6, v0102BC20_7;
v0102C040_0 .array/port v0102C040, 0;
v0102C040_1 .array/port v0102C040, 1;
v0102C040_2 .array/port v0102C040, 2;
v0102C040_3 .array/port v0102C040, 3;
E_00FEB110/5 .event edge, v0102C040_0, v0102C040_1, v0102C040_2, v0102C040_3;
v0102C040_4 .array/port v0102C040, 4;
v0102C040_5 .array/port v0102C040, 5;
v0102C040_6 .array/port v0102C040, 6;
v0102C040_7 .array/port v0102C040, 7;
E_00FEB110/6 .event edge, v0102C040_4, v0102C040_5, v0102C040_6, v0102C040_7;
v0102BD28_0 .array/port v0102BD28, 0;
v0102BD28_1 .array/port v0102BD28, 1;
v0102BD28_2 .array/port v0102BD28, 2;
v0102BD28_3 .array/port v0102BD28, 3;
E_00FEB110/7 .event edge, v0102BD28_0, v0102BD28_1, v0102BD28_2, v0102BD28_3;
v0102BD28_4 .array/port v0102BD28, 4;
v0102BD28_5 .array/port v0102BD28, 5;
v0102BD28_6 .array/port v0102BD28, 6;
v0102BD28_7 .array/port v0102BD28, 7;
E_00FEB110/8 .event edge, v0102BD28_4, v0102BD28_5, v0102BD28_6, v0102BD28_7;
E_00FEB110 .event/or E_00FEB110/0, E_00FEB110/1, E_00FEB110/2, E_00FEB110/3, E_00FEB110/4, E_00FEB110/5, E_00FEB110/6, E_00FEB110/7, E_00FEB110/8;
E_00FEB2F0 .event edge, v0102BBC8_0, v0102BCD0_0;
S_00FE58C0 .scope module, "c1" "comparator" 2 738, 2 939, S_00FE4490;
 .timescale -9 -10;
L_0103C4E0 .functor XNOR 1, L_0103A0B8, L_0103A4D8, C4<0>, C4<0>;
L_0103CE48 .functor XNOR 1, L_0103A530, L_0103A740, C4<0>, C4<0>;
L_0103CDA0 .functor XNOR 1, L_0103A690, L_0103A110, C4<0>, C4<0>;
L_0103CE80 .functor AND 1, L_0103C4E0, L_0103CE48, C4<1>, C4<1>;
L_0103CB38/d .functor AND 1, L_0103CE80, L_0103CDA0, C4<1>, C4<1>;
L_0103CB38 .delay (9,9,9) L_0103CB38/d;
v00FDC450_0 .net "IN1", 2 0, v0102BA10_0; 1 drivers
v00FDC088_0 .net "IN2", 2 0, v0102B908_0; 1 drivers
v00FDC1E8_0 .alias "OUT", 0 0, v0102B800_0;
v00FDC4A8_0 .net *"_s12", 0 0, L_0103A690; 1 drivers
v00FDC0E0_0 .net *"_s14", 0 0, L_0103A110; 1 drivers
v00FDC5B0_0 .net *"_s15", 0 0, L_0103CE80; 1 drivers
v00FDC500_0 .net *"_s2", 0 0, L_0103A0B8; 1 drivers
v00FDC608_0 .net *"_s4", 0 0, L_0103A4D8; 1 drivers
v00FDC768_0 .net *"_s7", 0 0, L_0103A530; 1 drivers
v00FDC298_0 .net *"_s9", 0 0, L_0103A740; 1 drivers
v00FDBCC0_0 .net "w0", 0 0, L_0103C4E0; 1 drivers
v00FDBD70_0 .net "w1", 0 0, L_0103CE48; 1 drivers
v0102B960_0 .net "w2", 0 0, L_0103CDA0; 1 drivers
L_0103A0B8 .part v0102BA10_0, 0, 1;
L_0103A4D8 .part v0102B908_0, 0, 1;
L_0103A530 .part v0102BA10_0, 1, 1;
L_0103A740 .part v0102B908_0, 1, 1;
L_0103A690 .part v0102BA10_0, 2, 1;
L_0103A110 .part v0102B908_0, 2, 1;
S_00FE3A78 .scope module, "ag" "and_gate" 2 739, 2 610, S_00FE4490;
 .timescale -9 -10;
L_0103CB70 .functor AND 1, L_0103CB38, v0102BC78_0, C4<1>, C4<1>;
v00FDC240_0 .alias "IN1", 0 0, v0102B800_0;
v00FDBF80_0 .net "IN2", 0 0, v0102BC78_0; 1 drivers
v00FDC030_0 .alias "OUT", 0 0, v0102BB70_0;
    .scope S_00F7EAF0;
T_0 ;
    %wait E_00FEAE70;
    %load/v 8, v010325B8_0, 1;
    %load/v 9, v01031F88_0, 1;
    %inv 9, 1;
    %and 8, 9, 1;
    %jmp/0xz  T_0.0, 8;
    %delay 10, 0;
    %load/v 8, v01032400_0, 8;
    %ix/getv 3, v010322A0_0;
    %jmp/1 t_0, 4;
    %ix/load 0, 8, 0; word width
    %ix/load 1, 0, 0; part off
    %assign/av v01032560, 0, 8;
t_0 ;
T_0.0 ;
    %load/v 8, v01031F88_0, 1;
    %jmp/0xz  T_0.2, 8;
    %delay 10, 0;
    %set/v v01031F30_0, 0, 32;
T_0.4 ;
    %load/v 8, v01031F30_0, 32;
   %cmpi/s 8, 8, 32;
    %jmp/0xz T_0.5, 5;
    %ix/getv/s 3, v01031F30_0;
    %jmp/1 t_1, 4;
    %ix/load 0, 8, 0; word width
    %ix/load 1, 0, 0; part off
    %assign/av v01032560, 0, 0;
t_1 ;
    %ix/load 0, 1, 0;
    %load/vp0/s 8, v01031F30_0, 32;
    %set/v v01031F30_0, 8, 32;
    %jmp T_0.4;
T_0.5 ;
T_0.2 ;
    %jmp T_0;
    .thread T_0;
    .scope S_00F7EAF0;
T_1 ;
    %delay 40000, 0;
    %vpi_call 2 423 "$display", $time, "%d %d %d %d %d %d %d %d\012", &A<v01032560, 0>, &A<v01032560, 1>, &A<v01032560, 2>, &A<v01032560, 3>, &A<v01032560, 4>, &A<v01032560, 5>, &A<v01032560, 6>, &A<v01032560, 7>;
    %end;
    .thread T_1;
    .scope S_00F7ED98;
T_2 ;
    %wait E_00FEC790;
    %load/v 8, v01032718_0, 1;
    %cmpi/u 8, 1, 1;
    %jmp/1 T_2.0, 6;
    %cmpi/u 8, 0, 1;
    %jmp/1 T_2.1, 6;
    %jmp T_2.2;
T_2.0 ;
    %load/v 8, v01032820_0, 8;
    %ix/load 0, 8, 0;
    %assign/v0 v010324B0_0, 0, 8;
    %jmp T_2.2;
T_2.1 ;
    %load/v 8, v01032140_0, 8;
    %ix/load 0, 8, 0;
    %assign/v0 v010324B0_0, 0, 8;
    %jmp T_2.2;
T_2.2 ;
    %jmp T_2;
    .thread T_2, $push;
    .scope S_00FD6FB8;
T_3 ;
    %wait E_00FEC5B0;
    %load/v 8, v01031FE0_0, 1;
    %cmpi/u 8, 1, 1;
    %jmp/1 T_3.0, 6;
    %cmpi/u 8, 0, 1;
    %jmp/1 T_3.1, 6;
    %jmp T_3.2;
T_3.0 ;
    %load/v 8, v010322F8_0, 8;
    %ix/load 0, 8, 0;
    %assign/v0 v010327C8_0, 0, 8;
    %jmp T_3.2;
T_3.1 ;
    %load/v 8, v01031E80_0, 8;
    %ix/load 0, 8, 0;
    %assign/v0 v010327C8_0, 0, 8;
    %jmp T_3.2;
T_3.2 ;
    %jmp T_3;
    .thread T_3, $push;
    .scope S_00FD61E8;
T_4 ;
    %wait E_00FEC6B0;
    %delay 10, 0;
    %load/v 8, v01031240_0, 2;
    %cmpi/u 8, 0, 2;
    %jmp/1 T_4.0, 6;
    %cmpi/u 8, 1, 2;
    %jmp/1 T_4.1, 6;
    %cmpi/u 8, 2, 2;
    %jmp/1 T_4.2, 6;
    %cmpi/u 8, 3, 2;
    %jmp/1 T_4.3, 6;
    %jmp T_4.4;
T_4.0 ;
    %load/v 8, v010311E8_0, 8;
    %cmpi/u 8, 0, 8;
    %jmp/1 T_4.5, 6;
    %cmpi/u 8, 1, 8;
    %jmp/1 T_4.6, 6;
    %cmpi/u 8, 2, 8;
    %jmp/1 T_4.7, 6;
    %cmpi/u 8, 3, 8;
    %jmp/1 T_4.8, 6;
    %cmpi/u 8, 4, 8;
    %jmp/1 T_4.9, 6;
    %cmpi/u 8, 5, 8;
    %jmp/1 T_4.10, 6;
    %cmpi/u 8, 6, 8;
    %jmp/1 T_4.11, 6;
    %cmpi/u 8, 7, 8;
    %jmp/1 T_4.12, 6;
    %set/v v01030FD8_0, 0, 8;
    %jmp T_4.14;
T_4.5 ;
    %load/v 8, v01031138_0, 8;
    %set/v v01030FD8_0, 8, 8;
    %jmp T_4.14;
T_4.6 ;
    %ix/load 1, 1, 0;
    %mov 4, 0, 1;
    %jmp/1 T_4.15, 4;
    %load/x1p 16, v01031138_0, 7;
    %jmp T_4.16;
T_4.15 ;
    %mov 16, 2, 7;
T_4.16 ;
    %mov 8, 16, 7; Move signal select into place
    %mov 15, 0, 1;
    %set/v v01030FD8_0, 8, 8;
    %jmp T_4.14;
T_4.7 ;
    %ix/load 1, 2, 0;
    %mov 4, 0, 1;
    %jmp/1 T_4.17, 4;
    %load/x1p 16, v01031138_0, 6;
    %jmp T_4.18;
T_4.17 ;
    %mov 16, 2, 6;
T_4.18 ;
    %mov 8, 16, 6; Move signal select into place
    %mov 14, 0, 2;
    %set/v v01030FD8_0, 8, 8;
    %jmp T_4.14;
T_4.8 ;
    %ix/load 1, 3, 0;
    %mov 4, 0, 1;
    %jmp/1 T_4.19, 4;
    %load/x1p 16, v01031138_0, 5;
    %jmp T_4.20;
T_4.19 ;
    %mov 16, 2, 5;
T_4.20 ;
    %mov 8, 16, 5; Move signal select into place
    %mov 13, 0, 3;
    %set/v v01030FD8_0, 8, 8;
    %jmp T_4.14;
T_4.9 ;
    %ix/load 1, 4, 0;
    %mov 4, 0, 1;
    %jmp/1 T_4.21, 4;
    %load/x1p 16, v01031138_0, 4;
    %jmp T_4.22;
T_4.21 ;
    %mov 16, 2, 4;
T_4.22 ;
    %mov 8, 16, 4; Move signal select into place
    %mov 12, 0, 4;
    %set/v v01030FD8_0, 8, 8;
    %jmp T_4.14;
T_4.10 ;
    %ix/load 1, 5, 0;
    %mov 4, 0, 1;
    %jmp/1 T_4.23, 4;
    %load/x1p 16, v01031138_0, 3;
    %jmp T_4.24;
T_4.23 ;
    %mov 16, 2, 3;
T_4.24 ;
    %mov 8, 16, 3; Move signal select into place
    %mov 11, 0, 5;
    %set/v v01030FD8_0, 8, 8;
    %jmp T_4.14;
T_4.11 ;
    %ix/load 1, 6, 0;
    %mov 4, 0, 1;
    %jmp/1 T_4.25, 4;
    %load/x1p 16, v01031138_0, 2;
    %jmp T_4.26;
T_4.25 ;
    %mov 16, 2, 2;
T_4.26 ;
    %mov 8, 16, 2; Move signal select into place
    %mov 10, 0, 6;
    %set/v v01030FD8_0, 8, 8;
    %jmp T_4.14;
T_4.12 ;
    %ix/load 1, 7, 0;
    %mov 4, 0, 1;
    %jmp/1 T_4.27, 4;
    %load/x1p 16, v01031138_0, 1;
    %jmp T_4.28;
T_4.27 ;
    %mov 16, 2, 1;
T_4.28 ;
    %mov 8, 16, 1; Move signal select into place
    %mov 9, 0, 7;
    %set/v v01030FD8_0, 8, 8;
    %jmp T_4.14;
T_4.14 ;
    %jmp T_4.4;
T_4.1 ;
    %load/v 8, v010311E8_0, 8;
    %cmpi/u 8, 0, 8;
    %jmp/1 T_4.29, 6;
    %cmpi/u 8, 1, 8;
    %jmp/1 T_4.30, 6;
    %cmpi/u 8, 2, 8;
    %jmp/1 T_4.31, 6;
    %cmpi/u 8, 3, 8;
    %jmp/1 T_4.32, 6;
    %cmpi/u 8, 4, 8;
    %jmp/1 T_4.33, 6;
    %cmpi/u 8, 5, 8;
    %jmp/1 T_4.34, 6;
    %cmpi/u 8, 6, 8;
    %jmp/1 T_4.35, 6;
    %cmpi/u 8, 7, 8;
    %jmp/1 T_4.36, 6;
    %set/v v01030FD8_0, 0, 8;
    %jmp T_4.38;
T_4.29 ;
    %load/v 8, v01031138_0, 8;
    %set/v v01030FD8_0, 8, 8;
    %jmp T_4.38;
T_4.30 ;
    %mov 8, 0, 1;
    %load/v 9, v01031138_0, 7; Select 7 out of 8 bits
    %set/v v01030FD8_0, 8, 8;
    %jmp T_4.38;
T_4.31 ;
    %mov 8, 0, 2;
    %load/v 10, v01031138_0, 6; Select 6 out of 8 bits
    %set/v v01030FD8_0, 8, 8;
    %jmp T_4.38;
T_4.32 ;
    %mov 8, 0, 3;
    %load/v 11, v01031138_0, 5; Select 5 out of 8 bits
    %set/v v01030FD8_0, 8, 8;
    %jmp T_4.38;
T_4.33 ;
    %mov 8, 0, 4;
    %load/v 12, v01031138_0, 4; Select 4 out of 8 bits
    %set/v v01030FD8_0, 8, 8;
    %jmp T_4.38;
T_4.34 ;
    %mov 8, 0, 5;
    %load/v 13, v01031138_0, 3; Select 3 out of 8 bits
    %set/v v01030FD8_0, 8, 8;
    %jmp T_4.38;
T_4.35 ;
    %mov 8, 0, 6;
    %load/v 14, v01031138_0, 2; Select 2 out of 8 bits
    %set/v v01030FD8_0, 8, 8;
    %jmp T_4.38;
T_4.36 ;
    %mov 8, 0, 7;
    %load/v 15, v01031138_0, 1; Select 1 out of 8 bits
    %set/v v01030FD8_0, 8, 8;
    %jmp T_4.38;
T_4.38 ;
    %jmp T_4.4;
T_4.2 ;
    %load/v 8, v010311E8_0, 8;
    %cmpi/u 8, 0, 8;
    %jmp/1 T_4.39, 6;
    %cmpi/u 8, 1, 8;
    %jmp/1 T_4.40, 6;
    %cmpi/u 8, 2, 8;
    %jmp/1 T_4.41, 6;
    %cmpi/u 8, 3, 8;
    %jmp/1 T_4.42, 6;
    %cmpi/u 8, 4, 8;
    %jmp/1 T_4.43, 6;
    %cmpi/u 8, 5, 8;
    %jmp/1 T_4.44, 6;
    %cmpi/u 8, 6, 8;
    %jmp/1 T_4.45, 6;
    %cmpi/u 8, 7, 8;
    %jmp/1 T_4.46, 6;
    %ix/load 1, 7, 0;
    %mov 4, 0, 1;
    %jmp/1 T_4.49, 4;
    %load/x1p 23, v01031138_0, 1;
    %jmp T_4.50;
T_4.49 ;
    %mov 23, 2, 1;
T_4.50 ;
    %mov 16, 23, 1; Move signal select into place
    %mov 22, 16, 1; Repetition 7
    %mov 21, 16, 1; Repetition 6
    %mov 20, 16, 1; Repetition 5
    %mov 19, 16, 1; Repetition 4
    %mov 18, 16, 1; Repetition 3
    %mov 17, 16, 1; Repetition 2
    %mov 8, 16, 7;
    %mov 15, 0, 1;
    %set/v v01030FD8_0, 8, 8;
    %jmp T_4.48;
T_4.39 ;
    %load/v 8, v01031138_0, 8;
    %set/v v01030FD8_0, 8, 8;
    %jmp T_4.48;
T_4.40 ;
    %ix/load 1, 1, 0;
    %mov 4, 0, 1;
    %jmp/1 T_4.51, 4;
    %load/x1p 16, v01031138_0, 7;
    %jmp T_4.52;
T_4.51 ;
    %mov 16, 2, 7;
T_4.52 ;
    %mov 8, 16, 7; Move signal select into place
    %ix/load 1, 7, 0;
    %mov 4, 0, 1;
    %jmp/1 T_4.53, 4;
    %load/x1p 17, v01031138_0, 1;
    %jmp T_4.54;
T_4.53 ;
    %mov 17, 2, 1;
T_4.54 ;
    %mov 16, 17, 1; Move signal select into place
    %mov 15, 16, 1;
    %set/v v01030FD8_0, 8, 8;
    %jmp T_4.48;
T_4.41 ;
    %ix/load 1, 2, 0;
    %mov 4, 0, 1;
    %jmp/1 T_4.55, 4;
    %load/x1p 16, v01031138_0, 6;
    %jmp T_4.56;
T_4.55 ;
    %mov 16, 2, 6;
T_4.56 ;
    %mov 8, 16, 6; Move signal select into place
    %ix/load 1, 7, 0;
    %mov 4, 0, 1;
    %jmp/1 T_4.57, 4;
    %load/x1p 18, v01031138_0, 1;
    %jmp T_4.58;
T_4.57 ;
    %mov 18, 2, 1;
T_4.58 ;
    %mov 16, 18, 1; Move signal select into place
    %mov 17, 16, 1; Repetition 2
    %mov 14, 16, 2;
    %set/v v01030FD8_0, 8, 8;
    %jmp T_4.48;
T_4.42 ;
    %ix/load 1, 3, 0;
    %mov 4, 0, 1;
    %jmp/1 T_4.59, 4;
    %load/x1p 16, v01031138_0, 5;
    %jmp T_4.60;
T_4.59 ;
    %mov 16, 2, 5;
T_4.60 ;
    %mov 8, 16, 5; Move signal select into place
    %ix/load 1, 7, 0;
    %mov 4, 0, 1;
    %jmp/1 T_4.61, 4;
    %load/x1p 19, v01031138_0, 1;
    %jmp T_4.62;
T_4.61 ;
    %mov 19, 2, 1;
T_4.62 ;
    %mov 16, 19, 1; Move signal select into place
    %mov 18, 16, 1; Repetition 3
    %mov 17, 16, 1; Repetition 2
    %mov 13, 16, 3;
    %set/v v01030FD8_0, 8, 8;
    %jmp T_4.48;
T_4.43 ;
    %ix/load 1, 4, 0;
    %mov 4, 0, 1;
    %jmp/1 T_4.63, 4;
    %load/x1p 16, v01031138_0, 4;
    %jmp T_4.64;
T_4.63 ;
    %mov 16, 2, 4;
T_4.64 ;
    %mov 8, 16, 4; Move signal select into place
    %ix/load 1, 7, 0;
    %mov 4, 0, 1;
    %jmp/1 T_4.65, 4;
    %load/x1p 20, v01031138_0, 1;
    %jmp T_4.66;
T_4.65 ;
    %mov 20, 2, 1;
T_4.66 ;
    %mov 16, 20, 1; Move signal select into place
    %mov 19, 16, 1; Repetition 4
    %mov 18, 16, 1; Repetition 3
    %mov 17, 16, 1; Repetition 2
    %mov 12, 16, 4;
    %set/v v01030FD8_0, 8, 8;
    %jmp T_4.48;
T_4.44 ;
    %ix/load 1, 5, 0;
    %mov 4, 0, 1;
    %jmp/1 T_4.67, 4;
    %load/x1p 16, v01031138_0, 3;
    %jmp T_4.68;
T_4.67 ;
    %mov 16, 2, 3;
T_4.68 ;
    %mov 8, 16, 3; Move signal select into place
    %ix/load 1, 7, 0;
    %mov 4, 0, 1;
    %jmp/1 T_4.69, 4;
    %load/x1p 21, v01031138_0, 1;
    %jmp T_4.70;
T_4.69 ;
    %mov 21, 2, 1;
T_4.70 ;
    %mov 16, 21, 1; Move signal select into place
    %mov 20, 16, 1; Repetition 5
    %mov 19, 16, 1; Repetition 4
    %mov 18, 16, 1; Repetition 3
    %mov 17, 16, 1; Repetition 2
    %mov 11, 16, 5;
    %set/v v01030FD8_0, 8, 8;
    %jmp T_4.48;
T_4.45 ;
    %ix/load 1, 6, 0;
    %mov 4, 0, 1;
    %jmp/1 T_4.71, 4;
    %load/x1p 16, v01031138_0, 2;
    %jmp T_4.72;
T_4.71 ;
    %mov 16, 2, 2;
T_4.72 ;
    %mov 8, 16, 2; Move signal select into place
    %ix/load 1, 7, 0;
    %mov 4, 0, 1;
    %jmp/1 T_4.73, 4;
    %load/x1p 22, v01031138_0, 1;
    %jmp T_4.74;
T_4.73 ;
    %mov 22, 2, 1;
T_4.74 ;
    %mov 16, 22, 1; Move signal select into place
    %mov 21, 16, 1; Repetition 6
    %mov 20, 16, 1; Repetition 5
    %mov 19, 16, 1; Repetition 4
    %mov 18, 16, 1; Repetition 3
    %mov 17, 16, 1; Repetition 2
    %mov 10, 16, 6;
    %set/v v01030FD8_0, 8, 8;
    %jmp T_4.48;
T_4.46 ;
    %ix/load 1, 7, 0;
    %mov 4, 0, 1;
    %jmp/1 T_4.75, 4;
    %load/x1p 16, v01031138_0, 1;
    %jmp T_4.76;
T_4.75 ;
    %mov 16, 2, 1;
T_4.76 ;
    %mov 8, 16, 1; Move signal select into place
    %ix/load 1, 7, 0;
    %mov 4, 0, 1;
    %jmp/1 T_4.77, 4;
    %load/x1p 23, v01031138_0, 1;
    %jmp T_4.78;
T_4.77 ;
    %mov 23, 2, 1;
T_4.78 ;
    %mov 16, 23, 1; Move signal select into place
    %mov 22, 16, 1; Repetition 7
    %mov 21, 16, 1; Repetition 6
    %mov 20, 16, 1; Repetition 5
    %mov 19, 16, 1; Repetition 4
    %mov 18, 16, 1; Repetition 3
    %mov 17, 16, 1; Repetition 2
    %mov 9, 16, 7;
    %set/v v01030FD8_0, 8, 8;
    %jmp T_4.48;
T_4.48 ;
    %jmp T_4.4;
T_4.3 ;
    %load/v 8, v010311E8_0, 8;
    %movi 16, 8, 8;
    %mod 8, 16, 8;
    %cmpi/u 8, 0, 8;
    %jmp/1 T_4.79, 6;
    %cmpi/u 8, 1, 8;
    %jmp/1 T_4.80, 6;
    %cmpi/u 8, 2, 8;
    %jmp/1 T_4.81, 6;
    %cmpi/u 8, 3, 8;
    %jmp/1 T_4.82, 6;
    %cmpi/u 8, 4, 8;
    %jmp/1 T_4.83, 6;
    %cmpi/u 8, 5, 8;
    %jmp/1 T_4.84, 6;
    %cmpi/u 8, 6, 8;
    %jmp/1 T_4.85, 6;
    %cmpi/u 8, 7, 8;
    %jmp/1 T_4.86, 6;
    %jmp T_4.87;
T_4.79 ;
    %load/v 8, v01031138_0, 8;
    %set/v v01030FD8_0, 8, 8;
    %jmp T_4.87;
T_4.80 ;
    %ix/load 1, 1, 0;
    %mov 4, 0, 1;
    %jmp/1 T_4.88, 4;
    %load/x1p 16, v01031138_0, 7;
    %jmp T_4.89;
T_4.88 ;
    %mov 16, 2, 7;
T_4.89 ;
    %mov 8, 16, 7; Move signal select into place
    %load/v 15, v01031138_0, 1; Select 1 out of 8 bits
    %set/v v01030FD8_0, 8, 8;
    %jmp T_4.87;
T_4.81 ;
    %ix/load 1, 2, 0;
    %mov 4, 0, 1;
    %jmp/1 T_4.90, 4;
    %load/x1p 16, v01031138_0, 6;
    %jmp T_4.91;
T_4.90 ;
    %mov 16, 2, 6;
T_4.91 ;
    %mov 8, 16, 6; Move signal select into place
    %load/v 14, v01031138_0, 2; Select 2 out of 8 bits
    %set/v v01030FD8_0, 8, 8;
    %jmp T_4.87;
T_4.82 ;
    %ix/load 1, 3, 0;
    %mov 4, 0, 1;
    %jmp/1 T_4.92, 4;
    %load/x1p 16, v01031138_0, 5;
    %jmp T_4.93;
T_4.92 ;
    %mov 16, 2, 5;
T_4.93 ;
    %mov 8, 16, 5; Move signal select into place
    %load/v 13, v01031138_0, 3; Select 3 out of 8 bits
    %set/v v01030FD8_0, 8, 8;
    %jmp T_4.87;
T_4.83 ;
    %ix/load 1, 4, 0;
    %mov 4, 0, 1;
    %jmp/1 T_4.94, 4;
    %load/x1p 16, v01031138_0, 4;
    %jmp T_4.95;
T_4.94 ;
    %mov 16, 2, 4;
T_4.95 ;
    %mov 8, 16, 4; Move signal select into place
    %load/v 12, v01031138_0, 4; Select 4 out of 8 bits
    %set/v v01030FD8_0, 8, 8;
    %jmp T_4.87;
T_4.84 ;
    %ix/load 1, 5, 0;
    %mov 4, 0, 1;
    %jmp/1 T_4.96, 4;
    %load/x1p 16, v01031138_0, 3;
    %jmp T_4.97;
T_4.96 ;
    %mov 16, 2, 3;
T_4.97 ;
    %mov 8, 16, 3; Move signal select into place
    %load/v 11, v01031138_0, 5; Select 5 out of 8 bits
    %set/v v01030FD8_0, 8, 8;
    %jmp T_4.87;
T_4.85 ;
    %ix/load 1, 6, 0;
    %mov 4, 0, 1;
    %jmp/1 T_4.98, 4;
    %load/x1p 16, v01031138_0, 2;
    %jmp T_4.99;
T_4.98 ;
    %mov 16, 2, 2;
T_4.99 ;
    %mov 8, 16, 2; Move signal select into place
    %load/v 10, v01031138_0, 6; Select 6 out of 8 bits
    %set/v v01030FD8_0, 8, 8;
    %jmp T_4.87;
T_4.86 ;
    %ix/load 1, 7, 0;
    %mov 4, 0, 1;
    %jmp/1 T_4.100, 4;
    %load/x1p 16, v01031138_0, 1;
    %jmp T_4.101;
T_4.100 ;
    %mov 16, 2, 1;
T_4.101 ;
    %mov 8, 16, 1; Move signal select into place
    %load/v 9, v01031138_0, 7; Select 7 out of 8 bits
    %set/v v01030FD8_0, 8, 8;
    %jmp T_4.87;
T_4.87 ;
    %jmp T_4.4;
T_4.4 ;
    %jmp T_4;
    .thread T_4, $push;
    .scope S_00FD68D0;
T_5 ;
    %wait E_00FEC350;
    %load/v 8, v01031BE0_0, 8;
    %mov 16, 0, 1;
    %cmpi/u 8, 0, 9;
    %jmp/0xz  T_5.0, 4;
    %set/v v01031A80_0, 1, 1;
    %jmp T_5.1;
T_5.0 ;
    %set/v v01031A80_0, 0, 1;
T_5.1 ;
    %jmp T_5;
    .thread T_5, $push;
    .scope S_00FD68D0;
T_6 ;
    %wait E_00FEC370;
    %load/v 8, v01031A28_0, 3;
    %cmpi/u 8, 0, 3;
    %jmp/1 T_6.0, 6;
    %cmpi/u 8, 1, 3;
    %jmp/1 T_6.1, 6;
    %cmpi/u 8, 2, 3;
    %jmp/1 T_6.2, 6;
    %cmpi/u 8, 3, 3;
    %jmp/1 T_6.3, 6;
    %cmpi/u 8, 4, 3;
    %jmp/1 T_6.4, 6;
    %cmpi/u 8, 5, 3;
    %jmp/1 T_6.5, 6;
    %cassign/v v01031D40_0, 0, 8;
    %jmp T_6.7;
T_6.0 ;
    %load/v 8, v01031AD8_0, 8;
    %cassign/v v01031D40_0, 8, 8;
    %cassign/link v01031D40_0, v01031AD8_0;
    %jmp T_6.7;
T_6.1 ;
    %load/v 16, v01031BE0_0, 8;
    %cassign/v v01031D40_0, 16, 8;
    %cassign/link v01031D40_0, v01031BE0_0;
    %jmp T_6.7;
T_6.2 ;
    %load/v 24, v01031C38_0, 8;
    %cassign/v v01031D40_0, 24, 8;
    %cassign/link v01031D40_0, v01031C38_0;
    %jmp T_6.7;
T_6.3 ;
    %load/v 32, v01031D98_0, 8;
    %cassign/v v01031D40_0, 32, 8;
    %cassign/link v01031D40_0, v01031D98_0;
    %jmp T_6.7;
T_6.4 ;
    %load/v 40, v010323A8_0, 8;
    %cassign/v v01031D40_0, 40, 8;
    %cassign/link v01031D40_0, v010323A8_0;
    %jmp T_6.7;
T_6.5 ;
    %load/v 48, v01032198_0, 8;
    %cassign/v v01031D40_0, 48, 8;
    %cassign/link v01031D40_0, v01032198_0;
    %jmp T_6.7;
T_6.7 ;
    %jmp T_6;
    .thread T_6, $push;
    .scope S_00FC6198;
T_7 ;
    %wait E_00FEC410;
    %load/v 56, v0102EE10_0, 1;
    %cmpi/u 56, 1, 1;
    %jmp/1 T_7.0, 6;
    %cmpi/u 56, 0, 1;
    %jmp/1 T_7.1, 6;
    %jmp T_7.2;
T_7.0 ;
    %load/v 56, v0102F8B8_0, 32;
    %ix/load 0, 32, 0;
    %assign/v0 v0102F0D0_0, 0, 56;
    %jmp T_7.2;
T_7.1 ;
    %load/v 56, v0102F700_0, 32;
    %ix/load 0, 32, 0;
    %assign/v0 v0102F0D0_0, 0, 56;
    %jmp T_7.2;
T_7.2 ;
    %jmp T_7;
    .thread T_7, $push;
    .scope S_00FC7DC0;
T_8 ;
    %wait E_00FEC4D0;
    %load/v 56, v0102F6A8_0, 1;
    %cmpi/u 56, 1, 1;
    %jmp/1 T_8.0, 6;
    %cmpi/u 56, 0, 1;
    %jmp/1 T_8.1, 6;
    %jmp T_8.2;
T_8.0 ;
    %load/v 56, v0102EF70_0, 32;
    %ix/load 0, 32, 0;
    %assign/v0 v0102F078_0, 0, 56;
    %jmp T_8.2;
T_8.1 ;
    %load/v 56, v0102F758_0, 32;
    %ix/load 0, 32, 0;
    %assign/v0 v0102F078_0, 0, 56;
    %jmp T_8.2;
T_8.2 ;
    %jmp T_8;
    .thread T_8, $push;
    .scope S_00FC7188;
T_9 ;
    %wait E_00FEC530;
    %load/v 56, v0102D258_0, 1;
    %cmpi/u 56, 1, 1;
    %jmp/1 T_9.0, 6;
    %cmpi/u 56, 0, 1;
    %jmp/1 T_9.1, 6;
    %jmp T_9.2;
T_9.0 ;
    %load/v 56, v0102D708_0, 8;
    %ix/load 0, 8, 0;
    %assign/v0 v0102D600_0, 0, 56;
    %jmp T_9.2;
T_9.1 ;
    %load/v 56, v0102E0A8_0, 8;
    %ix/load 0, 8, 0;
    %assign/v0 v0102D600_0, 0, 56;
    %jmp T_9.2;
T_9.2 ;
    %jmp T_9;
    .thread T_9, $push;
    .scope S_00FC7C28;
T_10 ;
    %wait E_00FEAE70;
    %load/v 56, v01032C40_0, 1;
    %cmpi/u 56, 0, 1;
    %jmp/0xz  T_10.0, 4;
    %delay 10, 0;
    %load/v 56, v01032CF0_0, 32;
    %set/v v01033110_0, 56, 32;
    %load/v 56, v01032BE8_0, 1;
    %jmp/0xz  T_10.2, 56;
    %set/v v01033110_0, 0, 32;
T_10.2 ;
T_10.0 ;
    %jmp T_10;
    .thread T_10;
    .scope S_00FC7C28;
T_11 ;
    %wait E_00FEC3D0;
    %set/v v010329D8_0, 0, 1;
    %set/v v01032D48_0, 0, 1;
    %jmp T_11;
    .thread T_11;
    .scope S_00FC7C28;
T_12 ;
    %wait E_00FEC6F0;
    %ix/load 1, 16, 0;
    %mov 4, 0, 1;
    %jmp/1 T_12.0, 4;
    %load/x1p 56, v010331C0_0, 3;
    %jmp T_12.1;
T_12.0 ;
    %mov 56, 2, 3;
T_12.1 ;
; Save base=56 wid=3 in lookaside.
    %set/v v01032A30_0, 56, 3;
    %ix/load 1, 8, 0;
    %mov 4, 0, 1;
    %jmp/1 T_12.2, 4;
    %load/x1p 56, v010331C0_0, 3;
    %jmp T_12.3;
T_12.2 ;
    %mov 56, 2, 3;
T_12.3 ;
; Save base=56 wid=3 in lookaside.
    %set/v v010332C8_0, 56, 3;
    %load/v 56, v010331C0_0, 3; Only need 3 of 32 bits
; Save base=56 wid=3 in lookaside.
    %set/v v01033320_0, 56, 3;
    %delay 10, 0;
    %ix/load 1, 24, 0;
    %mov 4, 0, 1;
    %jmp/1 T_12.4, 4;
    %load/x1p 56, v010331C0_0, 8;
    %jmp T_12.5;
T_12.4 ;
    %mov 56, 2, 8;
T_12.5 ;
; Save base=56 wid=8 in lookaside.
    %cmpi/u 56, 0, 8;
    %jmp/1 T_12.6, 6;
    %cmpi/u 56, 1, 8;
    %jmp/1 T_12.7, 6;
    %cmpi/u 56, 2, 8;
    %jmp/1 T_12.8, 6;
    %cmpi/u 56, 3, 8;
    %jmp/1 T_12.9, 6;
    %cmpi/u 56, 4, 8;
    %jmp/1 T_12.10, 6;
    %cmpi/u 56, 5, 8;
    %jmp/1 T_12.11, 6;
    %cmpi/u 56, 6, 8;
    %jmp/1 T_12.12, 6;
    %cmpi/u 56, 7, 8;
    %jmp/1 T_12.13, 6;
    %cmpi/u 56, 8, 8;
    %jmp/1 T_12.14, 6;
    %cmpi/u 56, 9, 8;
    %jmp/1 T_12.15, 6;
    %cmpi/u 56, 10, 8;
    %jmp/1 T_12.16, 6;
    %cmpi/u 56, 11, 8;
    %jmp/1 T_12.17, 6;
    %cmpi/u 56, 12, 8;
    %jmp/1 T_12.18, 6;
    %cmpi/u 56, 13, 8;
    %jmp/1 T_12.19, 6;
    %cmpi/u 56, 14, 8;
    %jmp/1 T_12.20, 6;
    %cmpi/u 56, 15, 8;
    %jmp/1 T_12.21, 6;
    %cmpi/u 56, 16, 8;
    %jmp/1 T_12.22, 6;
    %cmpi/u 56, 17, 8;
    %jmp/1 T_12.23, 6;
    %jmp T_12.24;
T_12.6 ;
    %set/v v01032928_0, 1, 1;
    %set/v v010334D8_0, 0, 1;
    %set/v v01033588_0, 1, 1;
    %set/v v01033A00_0, 0, 1;
    %set/v v010335E0_0, 0, 1;
    %set/v v01032E50_0, 0, 3;
    %set/v v01033638_0, 0, 1;
    %set/v v01033D70_0, 0, 1;
    %jmp T_12.24;
T_12.7 ;
    %set/v v01032928_0, 1, 1;
    %set/v v010334D8_0, 0, 1;
    %set/v v01033588_0, 0, 1;
    %set/v v01033A00_0, 0, 1;
    %set/v v010335E0_0, 0, 1;
    %set/v v01032E50_0, 0, 3;
    %set/v v01033638_0, 0, 1;
    %set/v v01033D70_0, 0, 1;
    %jmp T_12.24;
T_12.8 ;
    %set/v v01032928_0, 1, 1;
    %set/v v010334D8_0, 0, 1;
    %set/v v01033588_0, 0, 1;
    %set/v v01033A00_0, 0, 1;
    %set/v v010335E0_0, 0, 1;
    %movi 56, 1, 3;
    %set/v v01032E50_0, 56, 3;
    %set/v v01033638_0, 0, 1;
    %set/v v01033D70_0, 0, 1;
    %jmp T_12.24;
T_12.9 ;
    %set/v v01032928_0, 1, 1;
    %set/v v010334D8_0, 1, 1;
    %set/v v01033588_0, 0, 1;
    %set/v v01033A00_0, 0, 1;
    %set/v v010335E0_0, 0, 1;
    %movi 56, 1, 3;
    %set/v v01032E50_0, 56, 3;
    %set/v v01033638_0, 0, 1;
    %set/v v01033D70_0, 0, 1;
    %jmp T_12.24;
T_12.10 ;
    %set/v v01032928_0, 1, 1;
    %set/v v010334D8_0, 0, 1;
    %set/v v01033588_0, 0, 1;
    %set/v v01033A00_0, 0, 1;
    %set/v v010335E0_0, 0, 1;
    %movi 56, 2, 3;
    %set/v v01032E50_0, 56, 3;
    %set/v v01033638_0, 0, 1;
    %set/v v01033D70_0, 0, 1;
    %jmp T_12.24;
T_12.11 ;
    %set/v v01032928_0, 1, 1;
    %set/v v010334D8_0, 0, 1;
    %set/v v01033588_0, 0, 1;
    %set/v v01033A00_0, 0, 1;
    %set/v v010335E0_0, 0, 1;
    %movi 56, 3, 3;
    %set/v v01032E50_0, 56, 3;
    %set/v v01033638_0, 0, 1;
    %set/v v01033D70_0, 0, 1;
    %jmp T_12.24;
T_12.12 ;
    %set/v v01032928_0, 0, 1;
    %set/v v010334D8_0, 0, 1;
    %set/v v01033588_0, 0, 1;
    %set/v v01033A00_0, 1, 1;
    %set/v v010335E0_0, 0, 1;
    %set/v v01032E50_0, 0, 3;
    %set/v v01033638_0, 0, 1;
    %set/v v01033D70_0, 0, 1;
    %jmp T_12.24;
T_12.13 ;
    %set/v v01032928_0, 0, 1;
    %set/v v010334D8_0, 1, 1;
    %set/v v01033588_0, 0, 1;
    %set/v v01033A00_0, 0, 1;
    %set/v v010335E0_0, 1, 1;
    %movi 56, 1, 3;
    %set/v v01032E50_0, 56, 3;
    %set/v v01033638_0, 0, 1;
    %set/v v01033D70_0, 0, 1;
    %jmp T_12.24;
T_12.14 ;
    %set/v v01032928_0, 1, 1;
    %set/v v010334D8_0, 0, 1;
    %set/v v01033588_0, 0, 1;
    %set/v v01033A00_0, 0, 1;
    %set/v v010335E0_0, 0, 1;
    %set/v v01032E50_0, 0, 3;
    %set/v v01033638_0, 0, 1;
    %set/v v01033D70_0, 1, 1;
    %set/v v010329D8_0, 1, 1;
    %set/v v01032D48_0, 0, 1;
    %jmp T_12.24;
T_12.15 ;
    %set/v v01032928_0, 1, 1;
    %set/v v010334D8_0, 0, 1;
    %set/v v01033588_0, 1, 1;
    %set/v v01033A00_0, 0, 1;
    %set/v v010335E0_0, 0, 1;
    %set/v v01032E50_0, 0, 3;
    %set/v v01033638_0, 0, 1;
    %set/v v01033D70_0, 1, 1;
    %set/v v010329D8_0, 1, 1;
    %set/v v01032D48_0, 0, 1;
    %jmp T_12.24;
T_12.16 ;
    %set/v v01032928_0, 0, 1;
    %set/v v010334D8_0, 0, 1;
    %set/v v01033588_0, 0, 1;
    %set/v v01033A00_0, 0, 1;
    %set/v v010335E0_0, 0, 1;
    %set/v v01032E50_0, 0, 3;
    %set/v v01033638_0, 0, 1;
    %set/v v01033D70_0, 0, 1;
    %set/v v010329D8_0, 0, 1;
    %set/v v01032D48_0, 1, 1;
    %jmp T_12.24;
T_12.17 ;
    %set/v v01032928_0, 0, 1;
    %set/v v010334D8_0, 0, 1;
    %set/v v01033588_0, 1, 1;
    %set/v v01033A00_0, 0, 1;
    %set/v v010335E0_0, 0, 1;
    %set/v v01032E50_0, 0, 3;
    %set/v v01033638_0, 0, 1;
    %set/v v01033D70_0, 0, 1;
    %set/v v010329D8_0, 0, 1;
    %set/v v01032D48_0, 1, 1;
    %jmp T_12.24;
T_12.18 ;
    %set/v v01032928_0, 1, 1;
    %set/v v010334D8_0, 0, 1;
    %set/v v01033588_0, 1, 1;
    %set/v v01033A00_0, 0, 1;
    %set/v v010335E0_0, 0, 1;
    %movi 56, 4, 3;
    %set/v v01032E50_0, 56, 3;
    %movi 56, 1, 2;
    %set/v v010333D0_0, 56, 2;
    %set/v v01033638_0, 0, 1;
    %set/v v01033D70_0, 0, 1;
    %jmp T_12.24;
T_12.19 ;
    %set/v v01032928_0, 1, 1;
    %set/v v010334D8_0, 0, 1;
    %set/v v01033588_0, 1, 1;
    %set/v v01033A00_0, 0, 1;
    %set/v v010335E0_0, 0, 1;
    %movi 56, 4, 3;
    %set/v v01032E50_0, 56, 3;
    %set/v v010333D0_0, 0, 2;
    %set/v v01033638_0, 0, 1;
    %set/v v01033D70_0, 0, 1;
    %jmp T_12.24;
T_12.20 ;
    %set/v v01032928_0, 1, 1;
    %set/v v010334D8_0, 0, 1;
    %set/v v01033588_0, 1, 1;
    %set/v v01033A00_0, 0, 1;
    %set/v v010335E0_0, 0, 1;
    %movi 56, 4, 3;
    %set/v v01032E50_0, 56, 3;
    %movi 56, 2, 2;
    %set/v v010333D0_0, 56, 2;
    %set/v v01033638_0, 0, 1;
    %set/v v01033D70_0, 0, 1;
    %jmp T_12.24;
T_12.21 ;
    %set/v v01032928_0, 1, 1;
    %set/v v010334D8_0, 0, 1;
    %set/v v01033588_0, 1, 1;
    %set/v v01033A00_0, 0, 1;
    %set/v v010335E0_0, 0, 1;
    %movi 56, 4, 3;
    %set/v v01032E50_0, 56, 3;
    %set/v v010333D0_0, 1, 2;
    %set/v v01033638_0, 0, 1;
    %set/v v01033D70_0, 0, 1;
    %jmp T_12.24;
T_12.22 ;
    %set/v v01032928_0, 0, 1;
    %set/v v010334D8_0, 1, 1;
    %set/v v01033588_0, 0, 1;
    %set/v v01033A00_0, 0, 1;
    %set/v v010335E0_0, 0, 1;
    %movi 56, 1, 3;
    %set/v v01032E50_0, 56, 3;
    %set/v v01033638_0, 1, 1;
    %set/v v01033D70_0, 0, 1;
    %jmp T_12.24;
T_12.23 ;
    %set/v v01032928_0, 1, 1;
    %set/v v010334D8_0, 0, 1;
    %set/v v01033588_0, 0, 1;
    %set/v v01033A00_0, 0, 1;
    %set/v v010335E0_0, 0, 1;
    %movi 56, 5, 3;
    %set/v v01032E50_0, 56, 3;
    %set/v v01033638_0, 0, 1;
    %set/v v01033D70_0, 0, 1;
    %jmp T_12.24;
T_12.24 ;
    %jmp T_12;
    .thread T_12, $push;
    .scope S_00FC7A90;
T_13 ;
    %set/v v0102DC30_0, 0, 1;
    %set/v v0102DFF8_0, 0, 1;
    %vpi_call 2 1073 "$readmemb", "instr_mem.mem", v0102DFA0;
    %end;
    .thread T_13;
    .scope S_00FC7A90;
T_14 ;
    %wait E_00FEC730;
    %load/v 56, v0102DEF0_0, 1;
    %jmp/0  T_14.0, 56;
    %mov 57, 1, 1;
    %jmp/1  T_14.2, 56;
T_14.0 ; End of true expr.
    %jmp/0  T_14.1, 56;
 ; End of false expr.
    %blend  57, 0, 1; Condition unknown.
    %jmp  T_14.2;
T_14.1 ;
    %mov 57, 0, 1; Return false value
T_14.2 ;
    %set/v v0102DC30_0, 57, 1;
    %load/v 56, v0102DEF0_0, 1;
    %jmp/0  T_14.3, 56;
    %mov 57, 1, 1;
    %jmp/1  T_14.5, 56;
T_14.3 ; End of true expr.
    %jmp/0  T_14.4, 56;
 ; End of false expr.
    %blend  57, 0, 1; Condition unknown.
    %jmp  T_14.5;
T_14.4 ;
    %mov 57, 0, 1; Return false value
T_14.5 ;
    %set/v v0102DFF8_0, 57, 1;
    %jmp T_14;
    .thread T_14, $push;
    .scope S_00FC7A90;
T_15 ;
    %wait E_00FEAE70;
    %load/v 56, v0102DFF8_0, 1;
    %jmp/0xz  T_15.0, 56;
    %mov 64, 0, 4;
    %load/v 68, v0102DBD8_0, 6;
    %ix/get 3, 64, 10;
    %load/av 56, v0102DFA0, 8;
    %set/v v0102DE40_0, 56, 8;
    %movi 56, 400, 10;
    %ix/get 0, 56, 10;
    %delayx 0;
    %load/v 56, v0102DE40_0, 8;
    %ix/load 0, 0, 0;
    %set/x0 v0102DE98_0, 56, 8;
    %movi 74, 1, 4;
    %mov 64, 74, 4;
    %load/v 68, v0102DBD8_0, 6;
    %ix/get 3, 64, 10;
    %load/av 56, v0102DFA0, 8;
    %set/v v0102D6B0_0, 56, 8;
    %movi 56, 400, 10;
    %ix/get 0, 56, 10;
    %delayx 0;
    %load/v 56, v0102D6B0_0, 8;
    %ix/load 0, 8, 0;
    %set/x0 v0102DE98_0, 56, 8;
    %movi 74, 2, 4;
    %mov 64, 74, 4;
    %load/v 68, v0102DBD8_0, 6;
    %ix/get 3, 64, 10;
    %load/av 56, v0102DFA0, 8;
    %set/v v0102D970_0, 56, 8;
    %movi 56, 400, 10;
    %ix/get 0, 56, 10;
    %delayx 0;
    %load/v 56, v0102D970_0, 8;
    %ix/load 0, 16, 0;
    %set/x0 v0102DE98_0, 56, 8;
    %movi 74, 3, 4;
    %mov 64, 74, 4;
    %load/v 68, v0102DBD8_0, 6;
    %ix/get 3, 64, 10;
    %load/av 56, v0102DFA0, 8;
    %set/v v0102DF48_0, 56, 8;
    %movi 56, 400, 10;
    %ix/get 0, 56, 10;
    %delayx 0;
    %load/v 56, v0102DF48_0, 8;
    %ix/load 0, 24, 0;
    %set/x0 v0102DE98_0, 56, 8;
    %movi 74, 4, 4;
    %mov 64, 74, 4;
    %load/v 68, v0102DBD8_0, 6;
    %ix/get 3, 64, 10;
    %load/av 56, v0102DFA0, 8;
    %set/v v0102D9C8_0, 56, 8;
    %movi 56, 400, 10;
    %ix/get 0, 56, 10;
    %delayx 0;
    %load/v 56, v0102D9C8_0, 8;
    %ix/load 0, 32, 0;
    %set/x0 v0102DE98_0, 56, 8;
    %movi 74, 5, 4;
    %mov 64, 74, 4;
    %load/v 68, v0102DBD8_0, 6;
    %ix/get 3, 64, 10;
    %load/av 56, v0102DFA0, 8;
    %set/v v0102D7B8_0, 56, 8;
    %movi 56, 400, 10;
    %ix/get 0, 56, 10;
    %delayx 0;
    %load/v 56, v0102D7B8_0, 8;
    %ix/load 0, 40, 0;
    %set/x0 v0102DE98_0, 56, 8;
    %movi 74, 6, 4;
    %mov 64, 74, 4;
    %load/v 68, v0102DBD8_0, 6;
    %ix/get 3, 64, 10;
    %load/av 56, v0102DFA0, 8;
    %set/v v0102DA20_0, 56, 8;
    %movi 56, 400, 10;
    %ix/get 0, 56, 10;
    %delayx 0;
    %load/v 56, v0102DA20_0, 8;
    %ix/load 0, 48, 0;
    %set/x0 v0102DE98_0, 56, 8;
    %movi 74, 7, 4;
    %mov 64, 74, 4;
    %load/v 68, v0102DBD8_0, 6;
    %ix/get 3, 64, 10;
    %load/av 56, v0102DFA0, 8;
    %set/v v0102DAD0_0, 56, 8;
    %movi 56, 400, 10;
    %ix/get 0, 56, 10;
    %delayx 0;
    %load/v 56, v0102DAD0_0, 8;
    %ix/load 0, 56, 0;
    %set/x0 v0102DE98_0, 56, 8;
    %movi 74, 8, 4;
    %mov 64, 74, 4;
    %load/v 68, v0102DBD8_0, 6;
    %ix/get 3, 64, 10;
    %load/av 56, v0102DFA0, 8;
    %set/v v0102E050_0, 56, 8;
    %movi 56, 400, 10;
    %ix/get 0, 56, 10;
    %delayx 0;
    %load/v 56, v0102E050_0, 8;
    %ix/load 0, 64, 0;
    %set/x0 v0102DE98_0, 56, 8;
    %movi 74, 9, 4;
    %mov 64, 74, 4;
    %load/v 68, v0102DBD8_0, 6;
    %ix/get 3, 64, 10;
    %load/av 56, v0102DFA0, 8;
    %set/v v0102D658_0, 56, 8;
    %movi 56, 400, 10;
    %ix/get 0, 56, 10;
    %delayx 0;
    %load/v 56, v0102D658_0, 8;
    %ix/load 0, 72, 0;
    %set/x0 v0102DE98_0, 56, 8;
    %movi 74, 10, 4;
    %mov 64, 74, 4;
    %load/v 68, v0102DBD8_0, 6;
    %ix/get 3, 64, 10;
    %load/av 56, v0102DFA0, 8;
    %set/v v0102DB28_0, 56, 8;
    %movi 56, 400, 10;
    %ix/get 0, 56, 10;
    %delayx 0;
    %load/v 56, v0102DB28_0, 8;
    %ix/load 0, 80, 0;
    %set/x0 v0102DE98_0, 56, 8;
    %movi 74, 11, 4;
    %mov 64, 74, 4;
    %load/v 68, v0102DBD8_0, 6;
    %ix/get 3, 64, 10;
    %load/av 56, v0102DFA0, 8;
    %set/v v0102D760_0, 56, 8;
    %movi 56, 400, 10;
    %ix/get 0, 56, 10;
    %delayx 0;
    %load/v 56, v0102D760_0, 8;
    %ix/load 0, 88, 0;
    %set/x0 v0102DE98_0, 56, 8;
    %movi 74, 12, 4;
    %mov 64, 74, 4;
    %load/v 68, v0102DBD8_0, 6;
    %ix/get 3, 64, 10;
    %load/av 56, v0102DFA0, 8;
    %set/v v0102DA78_0, 56, 8;
    %movi 56, 400, 10;
    %ix/get 0, 56, 10;
    %delayx 0;
    %load/v 56, v0102DA78_0, 8;
    %ix/load 0, 96, 0;
    %set/x0 v0102DE98_0, 56, 8;
    %movi 74, 13, 4;
    %mov 64, 74, 4;
    %load/v 68, v0102DBD8_0, 6;
    %ix/get 3, 64, 10;
    %load/av 56, v0102DFA0, 8;
    %set/v v0102DD38_0, 56, 8;
    %movi 56, 400, 10;
    %ix/get 0, 56, 10;
    %delayx 0;
    %load/v 56, v0102DD38_0, 8;
    %ix/load 0, 104, 0;
    %set/x0 v0102DE98_0, 56, 8;
    %movi 74, 14, 4;
    %mov 64, 74, 4;
    %load/v 68, v0102DBD8_0, 6;
    %ix/get 3, 64, 10;
    %load/av 56, v0102DFA0, 8;
    %set/v v0102DD90_0, 56, 8;
    %movi 56, 400, 10;
    %ix/get 0, 56, 10;
    %delayx 0;
    %load/v 56, v0102DD90_0, 8;
    %ix/load 0, 112, 0;
    %set/x0 v0102DE98_0, 56, 8;
    %mov 64, 1, 4;
    %load/v 68, v0102DBD8_0, 6;
    %ix/get 3, 64, 10;
    %load/av 56, v0102DFA0, 8;
    %set/v v0102D918_0, 56, 8;
    %movi 56, 400, 10;
    %ix/get 0, 56, 10;
    %delayx 0;
    %load/v 56, v0102D918_0, 8;
    %ix/load 0, 120, 0;
    %set/x0 v0102DE98_0, 56, 8;
    %set/v v0102DC30_0, 0, 1;
    %set/v v0102DFF8_0, 0, 1;
T_15.0 ;
    %jmp T_15;
    .thread T_15;
    .scope S_00FE5948;
T_16 ;
    %wait E_00FEC170;
    %set/v v0102D4C0_0, 1, 1;
    %jmp T_16;
    .thread T_16, $push;
    .scope S_00FE5948;
T_17 ;
    %wait E_00FEC150;
    %delay 10, 0;
    %ix/getv 3, v0102E158_0;
    %load/av 56, v0102E470, 128;
    %set/v v0102D1A8_0, 56, 128;
    %ix/getv 3, v0102E158_0;
    %load/av 56, v0102DC88, 3;
    %set/v v0102D868_0, 56, 3;
    %ix/getv 3, v0102E158_0;
    %load/av 56, v0102DCE0, 1;
    %set/v v0102D810_0, 56, 1;
    %jmp T_17;
    .thread T_17, $push;
    .scope S_00FE5948;
T_18 ;
    %wait E_00FEAE70;
    %delay 10, 0;
    %load/v 56, v0102E260_0, 1;
    %jmp/0xz  T_18.0, 56;
    %set/v v0102D4C0_0, 0, 1;
T_18.0 ;
    %jmp T_18;
    .thread T_18;
    .scope S_00FE5948;
T_19 ;
    %wait E_00FEC0D0;
    %delay 10, 0;
    %load/v 56, v0102E1B0_0, 1;
    %jmp/0xz  T_19.0, 56;
    %load/v 56, v0102E418_0, 128;
    %ix/getv 3, v0102E158_0;
   %jmp/1 t_2, 4;
   %ix/load 1, 0, 0;
   %set/av v0102E470, 56, 128;
t_2 ;
    %ix/load 1, 5, 0;
    %mov 4, 0, 1;
    %jmp/1 T_19.2, 4;
    %load/x1p 56, v0102E520_0, 3;
    %jmp T_19.3;
T_19.2 ;
    %mov 56, 2, 3;
T_19.3 ;
; Save base=56 wid=3 in lookaside.
    %ix/getv 3, v0102E158_0;
   %jmp/1 t_3, 4;
   %ix/load 1, 0, 0;
   %set/av v0102DC88, 56, 3;
t_3 ;
    %ix/getv 3, v0102E158_0;
   %jmp/1 t_4, 4;
   %ix/load 1, 0, 0;
   %set/av v0102DCE0, 1, 1;
t_4 ;
T_19.0 ;
    %jmp T_19;
    .thread T_19, $push;
    .scope S_00FE5948;
T_20 ;
    %wait E_00FEC0B0;
    %load/v 56, v0102DB80_0, 3;
    %cmpi/u 56, 0, 3;
    %jmp/1 T_20.0, 6;
    %cmpi/u 56, 1, 3;
    %jmp/1 T_20.1, 6;
    %cmpi/u 56, 2, 3;
    %jmp/1 T_20.2, 6;
    %jmp T_20.3;
T_20.0 ;
    %load/v 56, v0102E260_0, 1;
    %inv 56, 1;
    %jmp/0xz  T_20.4, 56;
    %movi 56, 1, 3;
    %set/v v0102E208_0, 56, 3;
    %jmp T_20.5;
T_20.4 ;
    %set/v v0102E208_0, 0, 3;
T_20.5 ;
    %jmp T_20.3;
T_20.1 ;
    %load/v 56, v0102E368_0, 1;
    %inv 56, 1;
    %jmp/0xz  T_20.6, 56;
    %movi 56, 2, 3;
    %set/v v0102E208_0, 56, 3;
    %jmp T_20.7;
T_20.6 ;
    %movi 56, 1, 3;
    %set/v v0102E208_0, 56, 3;
T_20.7 ;
    %jmp T_20.3;
T_20.2 ;
    %set/v v0102E208_0, 0, 3;
    %jmp T_20.3;
T_20.3 ;
    %jmp T_20;
    .thread T_20, $push;
    .scope S_00FE5948;
T_21 ;
    %wait E_00FEC130;
    %load/v 56, v0102DB80_0, 3;
    %cmpi/u 56, 0, 3;
    %jmp/1 T_21.0, 6;
    %cmpi/u 56, 1, 3;
    %jmp/1 T_21.1, 6;
    %cmpi/u 56, 2, 3;
    %jmp/1 T_21.2, 6;
    %jmp T_21.3;
T_21.0 ;
    %set/v v0102E3C0_0, 0, 1;
    %set/v v0102E2B8_0, 2, 6;
    %set/v v0102E1B0_0, 0, 1;
    %jmp T_21.3;
T_21.1 ;
    %set/v v0102E3C0_0, 1, 1;
    %ix/load 1, 2, 0;
    %mov 4, 0, 1;
    %jmp/1 T_21.4, 4;
    %load/x1p 62, v0102E520_0, 6;
    %jmp T_21.5;
T_21.4 ;
    %mov 62, 2, 6;
T_21.5 ;
    %mov 56, 62, 6; Move signal select into place
    %set/v v0102E2B8_0, 56, 6;
    %set/v v0102E1B0_0, 0, 1;
    %jmp T_21.3;
T_21.2 ;
    %set/v v0102E3C0_0, 0, 1;
    %set/v v0102E2B8_0, 2, 6;
    %set/v v0102E1B0_0, 1, 1;
    %jmp T_21.3;
T_21.3 ;
    %jmp T_21;
    .thread T_21, $push;
    .scope S_00FE5948;
T_22 ;
    %wait E_00FEA150;
    %load/v 56, v0102E310_0, 1;
    %jmp/0xz  T_22.0, 56;
    %set/v v0102DB80_0, 0, 3;
    %set/v v0102D4C0_0, 0, 1;
    %delay 10, 0;
    %set/v v0102E100_0, 0, 32;
T_22.2 ;
    %load/v 56, v0102E100_0, 32;
   %cmpi/s 56, 8, 32;
    %jmp/0xz T_22.3, 5;
    %ix/getv/s 3, v0102E100_0;
   %jmp/1 t_5, 4;
   %ix/load 1, 0, 0;
   %set/av v0102E470, 0, 128;
t_5 ;
    %ix/getv/s 3, v0102E100_0;
   %jmp/1 t_6, 4;
   %ix/load 1, 0, 0;
   %set/av v0102DC88, 0, 3;
t_6 ;
    %ix/getv/s 3, v0102E100_0;
   %jmp/1 t_7, 4;
   %ix/load 1, 0, 0;
   %set/av v0102DCE0, 0, 1;
t_7 ;
    %ix/load 0, 1, 0;
    %load/vp0/s 56, v0102E100_0, 32;
    %set/v v0102E100_0, 56, 32;
    %jmp T_22.2;
T_22.3 ;
    %jmp T_22.1;
T_22.0 ;
    %load/v 56, v0102E208_0, 3;
    %set/v v0102DB80_0, 56, 3;
T_22.1 ;
    %jmp T_22;
    .thread T_22;
    .scope S_00FE4D98;
T_23 ;
    %wait E_00FEC230;
    %load/v 56, v0102CDE0_0, 1;
    %load/v 57, v0102C6A8_0, 1;
    %or 56, 57, 1;
    %jmp/0  T_23.0, 56;
    %mov 57, 1, 1;
    %jmp/1  T_23.2, 56;
T_23.0 ; End of true expr.
    %jmp/0  T_23.1, 56;
 ; End of false expr.
    %blend  57, 0, 1; Condition unknown.
    %jmp  T_23.2;
T_23.1 ;
    %mov 57, 0, 1; Return false value
T_23.2 ;
    %set/v v0102C408_0, 57, 1;
    %load/v 56, v0102CDE0_0, 1;
    %load/v 57, v0102C6A8_0, 1;
    %inv 57, 1;
    %and 56, 57, 1;
    %jmp/0  T_23.3, 56;
    %mov 57, 1, 1;
    %jmp/1  T_23.5, 56;
T_23.3 ; End of true expr.
    %jmp/0  T_23.4, 56;
 ; End of false expr.
    %blend  57, 0, 1; Condition unknown.
    %jmp  T_23.5;
T_23.4 ;
    %mov 57, 0, 1; Return false value
T_23.5 ;
    %set/v v0102C7B0_0, 57, 1;
    %load/v 56, v0102CDE0_0, 1;
    %inv 56, 1;
    %load/v 57, v0102C6A8_0, 1;
    %and 56, 57, 1;
    %jmp/0  T_23.6, 56;
    %mov 57, 1, 1;
    %jmp/1  T_23.8, 56;
T_23.6 ; End of true expr.
    %jmp/0  T_23.7, 56;
 ; End of false expr.
    %blend  57, 0, 1; Condition unknown.
    %jmp  T_23.8;
T_23.7 ;
    %mov 57, 0, 1; Return false value
T_23.8 ;
    %set/v v0102CE38_0, 57, 1;
    %jmp T_23;
    .thread T_23, $push;
    .scope S_00FE4D98;
T_24 ;
    %wait E_00FEAE70;
    %load/v 56, v0102C7B0_0, 1;
    %jmp/0xz  T_24.0, 56;
    %mov 64, 0, 2;
    %load/v 66, v0102C3B0_0, 6;
    %ix/get 3, 64, 8;
    %load/av 56, v0102C968, 8;
    %set/v v0102C2A8_0, 56, 8;
    %movi 56, 400, 10;
    %ix/get 0, 56, 10;
    %delayx 0;
    %load/v 56, v0102C2A8_0, 8;
    %ix/load 0, 0, 0;
    %set/x0 v0102CCD8_0, 56, 8;
    %movi 72, 1, 2;
    %mov 64, 72, 2;
    %load/v 66, v0102C3B0_0, 6;
    %ix/get 3, 64, 8;
    %load/av 56, v0102C968, 8;
    %set/v v0102C300_0, 56, 8;
    %movi 56, 400, 10;
    %ix/get 0, 56, 10;
    %delayx 0;
    %load/v 56, v0102C300_0, 8;
    %ix/load 0, 8, 0;
    %set/x0 v0102CCD8_0, 56, 8;
    %movi 72, 2, 2;
    %mov 64, 72, 2;
    %load/v 66, v0102C3B0_0, 6;
    %ix/get 3, 64, 8;
    %load/av 56, v0102C968, 8;
    %set/v v0102C358_0, 56, 8;
    %movi 56, 400, 10;
    %ix/get 0, 56, 10;
    %delayx 0;
    %load/v 56, v0102C358_0, 8;
    %ix/load 0, 16, 0;
    %set/x0 v0102CCD8_0, 56, 8;
    %mov 64, 1, 2;
    %load/v 66, v0102C3B0_0, 6;
    %ix/get 3, 64, 8;
    %load/av 56, v0102C968, 8;
    %set/v v0102C1F8_0, 56, 8;
    %movi 56, 400, 10;
    %ix/get 0, 56, 10;
    %delayx 0;
    %load/v 56, v0102C1F8_0, 8;
    %ix/load 0, 24, 0;
    %set/x0 v0102CCD8_0, 56, 8;
    %set/v v0102C408_0, 0, 1;
    %set/v v0102C7B0_0, 0, 1;
T_24.0 ;
    %load/v 56, v0102CE38_0, 1;
    %jmp/0xz  T_24.2, 56;
    %load/v 56, v0102CEE8_0, 8; Only need 8 of 32 bits
; Save base=56 wid=8 in lookaside.
    %set/v v0102C568_0, 56, 8;
    %movi 56, 400, 10;
    %ix/get 0, 56, 10;
    %delayx 0;
    %load/v 56, v0102C568_0, 8;
    %mov 64, 0, 2;
    %load/v 66, v0102C3B0_0, 6;
    %ix/get 3, 64, 8;
   %jmp/1 t_8, 4;
   %ix/load 1, 0, 0;
   %set/av v0102C968, 56, 8;
t_8 ;
    %ix/load 1, 8, 0;
    %mov 4, 0, 1;
    %jmp/1 T_24.4, 4;
    %load/x1p 56, v0102CEE8_0, 8;
    %jmp T_24.5;
T_24.4 ;
    %mov 56, 2, 8;
T_24.5 ;
; Save base=56 wid=8 in lookaside.
    %set/v v0102C460_0, 56, 8;
    %movi 56, 400, 10;
    %ix/get 0, 56, 10;
    %delayx 0;
    %load/v 56, v0102C460_0, 8;
    %movi 72, 1, 2;
    %mov 64, 72, 2;
    %load/v 66, v0102C3B0_0, 6;
    %ix/get 3, 64, 8;
   %jmp/1 t_9, 4;
   %ix/load 1, 0, 0;
   %set/av v0102C968, 56, 8;
t_9 ;
    %ix/load 1, 16, 0;
    %mov 4, 0, 1;
    %jmp/1 T_24.6, 4;
    %load/x1p 56, v0102CEE8_0, 8;
    %jmp T_24.7;
T_24.6 ;
    %mov 56, 2, 8;
T_24.7 ;
; Save base=56 wid=8 in lookaside.
    %set/v v0102C0F0_0, 56, 8;
    %movi 56, 400, 10;
    %ix/get 0, 56, 10;
    %delayx 0;
    %load/v 56, v0102C0F0_0, 8;
    %movi 72, 2, 2;
    %mov 64, 72, 2;
    %load/v 66, v0102C3B0_0, 6;
    %ix/get 3, 64, 8;
   %jmp/1 t_10, 4;
   %ix/load 1, 0, 0;
   %set/av v0102C968, 56, 8;
t_10 ;
    %ix/load 1, 24, 0;
    %mov 4, 0, 1;
    %jmp/1 T_24.8, 4;
    %load/x1p 56, v0102CEE8_0, 8;
    %jmp T_24.9;
T_24.8 ;
    %mov 56, 2, 8;
T_24.9 ;
; Save base=56 wid=8 in lookaside.
    %set/v v0102C4B8_0, 56, 8;
    %movi 56, 400, 10;
    %ix/get 0, 56, 10;
    %delayx 0;
    %load/v 56, v0102C4B8_0, 8;
    %mov 64, 1, 2;
    %load/v 66, v0102C3B0_0, 6;
    %ix/get 3, 64, 8;
   %jmp/1 t_11, 4;
   %ix/load 1, 0, 0;
   %set/av v0102C968, 56, 8;
t_11 ;
    %set/v v0102C408_0, 0, 1;
    %set/v v0102CE38_0, 0, 1;
T_24.2 ;
    %jmp T_24;
    .thread T_24;
    .scope S_00FE4D98;
T_25 ;
    %wait E_00FEC110;
    %load/v 56, v0102C650_0, 1;
    %jmp/0xz  T_25.0, 56;
    %set/v v0102C148_0, 0, 32;
T_25.2 ;
    %load/v 56, v0102C148_0, 32;
   %cmpi/s 56, 256, 32;
    %jmp/0xz T_25.3, 5;
    %ix/getv/s 3, v0102C148_0;
   %jmp/1 t_12, 4;
   %ix/load 1, 0, 0;
   %set/av v0102C968, 0, 8;
t_12 ;
    %ix/load 0, 1, 0;
    %load/vp0/s 56, v0102C148_0, 32;
    %set/v v0102C148_0, 56, 32;
    %jmp T_25.2;
T_25.3 ;
    %set/v v0102C408_0, 0, 1;
    %set/v v0102C7B0_0, 0, 1;
    %set/v v0102CE38_0, 0, 1;
T_25.0 ;
    %jmp T_25;
    .thread T_25;
    .scope S_00FE4490;
T_26 ;
    %wait E_00FEB2F0;
    %load/v 56, v0102BCD0_0, 1;
    %load/v 57, v0102BBC8_0, 1;
    %or 56, 57, 1;
    %jmp/0  T_26.0, 56;
    %mov 57, 1, 1;
    %jmp/1  T_26.2, 56;
T_26.0 ; End of true expr.
    %jmp/0  T_26.1, 56;
 ; End of false expr.
    %blend  57, 0, 1; Condition unknown.
    %jmp  T_26.2;
T_26.1 ;
    %mov 57, 0, 1; Return false value
T_26.2 ;
    %set/v v0102B5F0_0, 57, 1;
    %load/v 56, v0102BBC8_0, 1;
    %load/v 57, v0102BCD0_0, 1;
    %inv 57, 1;
    %and 56, 57, 1;
    %jmp/0  T_26.3, 56;
    %mov 57, 1, 1;
    %jmp/1  T_26.5, 56;
T_26.3 ; End of true expr.
    %jmp/0  T_26.4, 56;
 ; End of false expr.
    %blend  57, 0, 1; Condition unknown.
    %jmp  T_26.5;
T_26.4 ;
    %mov 57, 0, 1; Return false value
T_26.5 ;
    %set/v v0102BFE8_0, 57, 1;
    %load/v 56, v0102BBC8_0, 1;
    %inv 56, 1;
    %load/v 57, v0102BCD0_0, 1;
    %and 56, 57, 1;
    %jmp/0  T_26.6, 56;
    %mov 57, 1, 1;
    %jmp/1  T_26.8, 56;
T_26.6 ; End of true expr.
    %jmp/0  T_26.7, 56;
 ; End of false expr.
    %blend  57, 0, 1; Condition unknown.
    %jmp  T_26.8;
T_26.7 ;
    %mov 57, 0, 1; Return false value
T_26.8 ;
    %set/v v0102C1A0_0, 57, 1;
    %jmp T_26;
    .thread T_26, $push;
    .scope S_00FE4490;
T_27 ;
    %wait E_00FEB110;
    %load/v 56, v0102BFE8_0, 1;
    %load/v 57, v0102C1A0_0, 1;
    %or 56, 57, 1;
    %jmp/0xz  T_27.0, 56;
    %delay 10, 0;
    %ix/load 1, 5, 0;
    %mov 4, 0, 1;
    %jmp/1 T_27.2, 4;
    %load/x1p 56, v0102BD80_0, 3;
    %jmp T_27.3;
T_27.2 ;
    %mov 56, 2, 3;
T_27.3 ;
; Save base=56 wid=3 in lookaside.
    %set/v v0102B908_0, 56, 3;
    %ix/load 1, 2, 0;
    %mov 4, 0, 1;
    %jmp/1 T_27.4, 4;
    %load/x1p 56, v0102BD80_0, 3;
    %jmp T_27.5;
T_27.4 ;
    %mov 56, 2, 3;
T_27.5 ;
; Save base=56 wid=3 in lookaside.
    %set/v v0102BE88_0, 56, 3;
    %load/v 56, v0102BD80_0, 2; Only need 2 of 8 bits
; Save base=56 wid=2 in lookaside.
    %set/v v0102BAC0_0, 56, 2;
    %ix/getv 3, v0102BE88_0;
    %load/av 56, v0102B648, 32;
    %set/v v0102B8B0_0, 56, 32;
    %ix/getv 3, v0102BE88_0;
    %load/av 56, v0102BC20, 3;
    %set/v v0102BA10_0, 56, 3;
    %ix/getv 3, v0102BE88_0;
    %load/av 56, v0102C040, 1;
    %set/v v0102B9B8_0, 56, 1;
    %ix/getv 3, v0102BE88_0;
    %load/av 56, v0102BD28, 1;
    %set/v v0102BC78_0, 56, 1;
T_27.0 ;
    %jmp T_27;
    .thread T_27, $push;
    .scope S_00FE4490;
T_28 ;
    %wait E_00FEB210;
    %delay 10, 0;
    %load/v 56, v0102BAC0_0, 2;
    %cmpi/u 56, 0, 2;
    %jmp/1 T_28.0, 6;
    %cmpi/u 56, 1, 2;
    %jmp/1 T_28.1, 6;
    %cmpi/u 56, 2, 2;
    %jmp/1 T_28.2, 6;
    %cmpi/u 56, 3, 2;
    %jmp/1 T_28.3, 6;
    %jmp T_28.4;
T_28.0 ;
    %load/v 56, v0102B8B0_0, 8; Only need 8 of 32 bits
; Save base=56 wid=8 in lookaside.
    %set/v v0102C098_0, 56, 8;
    %jmp T_28.4;
T_28.1 ;
    %ix/load 1, 8, 0;
    %mov 4, 0, 1;
    %jmp/1 T_28.5, 4;
    %load/x1p 56, v0102B8B0_0, 8;
    %jmp T_28.6;
T_28.5 ;
    %mov 56, 2, 8;
T_28.6 ;
; Save base=56 wid=8 in lookaside.
    %set/v v0102C098_0, 56, 8;
    %jmp T_28.4;
T_28.2 ;
    %ix/load 1, 16, 0;
    %mov 4, 0, 1;
    %jmp/1 T_28.7, 4;
    %load/x1p 56, v0102B8B0_0, 8;
    %jmp T_28.8;
T_28.7 ;
    %mov 56, 2, 8;
T_28.8 ;
; Save base=56 wid=8 in lookaside.
    %set/v v0102C098_0, 56, 8;
    %jmp T_28.4;
T_28.3 ;
    %ix/load 1, 24, 0;
    %mov 4, 0, 1;
    %jmp/1 T_28.9, 4;
    %load/x1p 56, v0102B8B0_0, 8;
    %jmp T_28.10;
T_28.9 ;
    %mov 56, 2, 8;
T_28.10 ;
; Save base=56 wid=8 in lookaside.
    %set/v v0102C098_0, 56, 8;
    %jmp T_28.4;
T_28.4 ;
    %jmp T_28;
    .thread T_28, $push;
    .scope S_00FE4490;
T_29 ;
    %wait E_00FEAE70;
    %load/v 56, v0102BFE8_0, 1;
    %load/v 57, v0102BB70_0, 1;
    %and 56, 57, 1;
    %jmp/0xz  T_29.0, 56;
    %set/v v0102BFE8_0, 0, 1;
    %set/v v0102B5F0_0, 0, 1;
    %jmp T_29.1;
T_29.0 ;
    %load/v 56, v0102C1A0_0, 1;
    %load/v 57, v0102BB70_0, 1;
    %and 56, 57, 1;
    %jmp/0xz  T_29.2, 56;
    %set/v v0102B5F0_0, 0, 1;
    %delay 10, 0;
    %load/v 56, v0102BAC0_0, 2;
    %cmpi/u 56, 0, 2;
    %jmp/1 T_29.4, 6;
    %cmpi/u 56, 1, 2;
    %jmp/1 T_29.5, 6;
    %cmpi/u 56, 2, 2;
    %jmp/1 T_29.6, 6;
    %cmpi/u 56, 3, 2;
    %jmp/1 T_29.7, 6;
    %jmp T_29.8;
T_29.4 ;
    %load/v 56, v0102C250_0, 8;
    %ix/getv 3, v0102BE88_0;
   %jmp/1 t_13, 4;
   %ix/load 1, 0, 0;
   %set/av v0102B648, 56, 8;
t_13 ;
    %jmp T_29.8;
T_29.5 ;
    %load/v 56, v0102C250_0, 8;
    %ix/getv 3, v0102BE88_0;
   %jmp/1 t_14, 4;
   %ix/load 1, 8, 0;
   %set/av v0102B648, 56, 8;
t_14 ;
    %jmp T_29.8;
T_29.6 ;
    %load/v 56, v0102C250_0, 8;
    %ix/getv 3, v0102BE88_0;
   %jmp/1 t_15, 4;
   %ix/load 1, 16, 0;
   %set/av v0102B648, 56, 8;
t_15 ;
    %jmp T_29.8;
T_29.7 ;
    %load/v 56, v0102C250_0, 8;
    %ix/getv 3, v0102BE88_0;
   %jmp/1 t_16, 4;
   %ix/load 1, 24, 0;
   %set/av v0102B648, 56, 8;
t_16 ;
    %jmp T_29.8;
T_29.8 ;
    %ix/getv 3, v0102BE88_0;
   %jmp/1 t_17, 4;
   %ix/load 1, 0, 0;
   %set/av v0102C040, 1, 1;
t_17 ;
    %ix/getv 3, v0102BE88_0;
   %jmp/1 t_18, 4;
   %ix/load 1, 0, 0;
   %set/av v0102BD28, 1, 1;
t_18 ;
    %set/v v0102C1A0_0, 0, 1;
T_29.2 ;
T_29.1 ;
    %jmp T_29;
    .thread T_29;
    .scope S_00FE4490;
T_30 ;
    %wait E_00FEA370;
    %delay 10, 0;
    %load/v 56, v0102BA68_0, 1;
    %jmp/0xz  T_30.0, 56;
    %load/v 56, v0102B750_0, 32;
    %ix/getv 3, v0102BE88_0;
   %jmp/1 t_19, 4;
   %ix/load 1, 0, 0;
   %set/av v0102B648, 56, 32;
t_19 ;
    %load/v 56, v0102B908_0, 3;
    %ix/getv 3, v0102BE88_0;
   %jmp/1 t_20, 4;
   %ix/load 1, 0, 0;
   %set/av v0102BC20, 56, 3;
t_20 ;
    %ix/getv 3, v0102BE88_0;
   %jmp/1 t_21, 4;
   %ix/load 1, 0, 0;
   %set/av v0102C040, 0, 1;
t_21 ;
    %ix/getv 3, v0102BE88_0;
   %jmp/1 t_22, 4;
   %ix/load 1, 0, 0;
   %set/av v0102BD28, 1, 1;
t_22 ;
T_30.0 ;
    %jmp T_30;
    .thread T_30, $push;
    .scope S_00FE4490;
T_31 ;
    %wait E_00FEA630;
    %load/v 56, v0102B858_0, 3;
    %cmpi/u 56, 0, 3;
    %jmp/1 T_31.0, 6;
    %cmpi/u 56, 1, 3;
    %jmp/1 T_31.1, 6;
    %cmpi/u 56, 2, 3;
    %jmp/1 T_31.2, 6;
    %cmpi/u 56, 3, 3;
    %jmp/1 T_31.3, 6;
    %jmp T_31.4;
T_31.0 ;
    %load/v 56, v0102BBC8_0, 1;
    %load/v 57, v0102BCD0_0, 1;
    %or 56, 57, 1;
    %load/v 57, v0102B9B8_0, 1;
    %inv 57, 1;
    %and 56, 57, 1;
    %load/v 57, v0102BB70_0, 1;
    %inv 57, 1;
    %and 56, 57, 1;
    %jmp/0xz  T_31.5, 56;
    %movi 56, 1, 3;
    %set/v v0102BEE0_0, 56, 3;
    %jmp T_31.6;
T_31.5 ;
    %load/v 56, v0102BBC8_0, 1;
    %load/v 57, v0102BCD0_0, 1;
    %or 56, 57, 1;
    %load/v 57, v0102B9B8_0, 1;
    %and 56, 57, 1;
    %load/v 57, v0102BB70_0, 1;
    %inv 57, 1;
    %and 56, 57, 1;
    %jmp/0xz  T_31.7, 56;
    %movi 56, 2, 3;
    %set/v v0102BEE0_0, 56, 3;
    %jmp T_31.8;
T_31.7 ;
    %set/v v0102BEE0_0, 0, 3;
T_31.8 ;
T_31.6 ;
    %jmp T_31.4;
T_31.1 ;
    %load/v 56, v0102BE30_0, 1;
    %inv 56, 1;
    %jmp/0xz  T_31.9, 56;
    %movi 56, 3, 3;
    %set/v v0102BEE0_0, 56, 3;
    %jmp T_31.10;
T_31.9 ;
    %movi 56, 1, 3;
    %set/v v0102BEE0_0, 56, 3;
T_31.10 ;
    %jmp T_31.4;
T_31.2 ;
    %load/v 56, v0102BE30_0, 1;
    %inv 56, 1;
    %jmp/0xz  T_31.11, 56;
    %movi 56, 1, 3;
    %set/v v0102BEE0_0, 56, 3;
    %jmp T_31.12;
T_31.11 ;
    %movi 56, 2, 3;
    %set/v v0102BEE0_0, 56, 3;
T_31.12 ;
    %jmp T_31.4;
T_31.3 ;
    %set/v v0102BEE0_0, 0, 3;
    %jmp T_31.4;
T_31.4 ;
    %jmp T_31;
    .thread T_31, $push;
    .scope S_00FE4490;
T_32 ;
    %wait E_00FEA350;
    %load/v 56, v0102B858_0, 3;
    %cmpi/u 56, 0, 3;
    %jmp/1 T_32.0, 6;
    %cmpi/u 56, 1, 3;
    %jmp/1 T_32.1, 6;
    %cmpi/u 56, 2, 3;
    %jmp/1 T_32.2, 6;
    %cmpi/u 56, 3, 3;
    %jmp/1 T_32.3, 6;
    %jmp T_32.4;
T_32.0 ;
    %set/v v0102B6F8_0, 0, 1;
    %set/v v0102BDD8_0, 0, 1;
    %set/v v0102B6A0_0, 2, 6;
    %set/v v0102BF90_0, 2, 32;
    %set/v v0102BA68_0, 0, 1;
    %jmp T_32.4;
T_32.1 ;
    %set/v v0102B6F8_0, 1, 1;
    %set/v v0102BDD8_0, 0, 1;
    %load/v 56, v0102BE88_0, 3;
    %load/v 59, v0102BA10_0, 3;
    %set/v v0102B6A0_0, 56, 6;
    %set/v v0102BF90_0, 2, 32;
    %set/v v0102B5F0_0, 1, 1;
    %set/v v0102BA68_0, 0, 1;
    %jmp T_32.4;
T_32.2 ;
    %set/v v0102B6F8_0, 0, 1;
    %set/v v0102BDD8_0, 1, 1;
    %load/v 56, v0102BE88_0, 3;
    %load/v 59, v0102BA10_0, 3;
    %set/v v0102B6A0_0, 56, 6;
    %load/v 56, v0102B8B0_0, 32;
    %set/v v0102BF90_0, 56, 32;
    %set/v v0102B5F0_0, 1, 1;
    %set/v v0102BA68_0, 0, 1;
    %jmp T_32.4;
T_32.3 ;
    %set/v v0102B6F8_0, 0, 1;
    %set/v v0102BDD8_0, 0, 1;
    %set/v v0102B6A0_0, 2, 6;
    %set/v v0102BF90_0, 2, 32;
    %set/v v0102B5F0_0, 1, 1;
    %set/v v0102BA68_0, 1, 1;
    %jmp T_32.4;
T_32.4 ;
    %jmp T_32;
    .thread T_32, $push;
    .scope S_00FE4490;
T_33 ;
    %wait E_00FEA150;
    %load/v 56, v0102B7A8_0, 1;
    %jmp/0xz  T_33.0, 56;
    %set/v v0102B858_0, 0, 3;
    %set/v v0102B5F0_0, 0, 1;
    %delay 10, 0;
    %set/v v0102BF38_0, 0, 32;
T_33.2 ;
    %load/v 56, v0102BF38_0, 32;
   %cmpi/s 56, 8, 32;
    %jmp/0xz T_33.3, 5;
    %ix/getv/s 3, v0102BF38_0;
   %jmp/1 t_23, 4;
   %ix/load 1, 0, 0;
   %set/av v0102B648, 0, 32;
t_23 ;
    %ix/getv/s 3, v0102BF38_0;
   %jmp/1 t_24, 4;
   %ix/load 1, 0, 0;
   %set/av v0102BC20, 0, 3;
t_24 ;
    %ix/getv/s 3, v0102BF38_0;
   %jmp/1 t_25, 4;
   %ix/load 1, 0, 0;
   %set/av v0102C040, 0, 1;
t_25 ;
    %ix/getv/s 3, v0102BF38_0;
   %jmp/1 t_26, 4;
   %ix/load 1, 0, 0;
   %set/av v0102BD28, 0, 1;
t_26 ;
    %ix/load 0, 1, 0;
    %load/vp0/s 56, v0102BF38_0, 32;
    %set/v v0102BF38_0, 56, 32;
    %jmp T_33.2;
T_33.3 ;
    %jmp T_33.1;
T_33.0 ;
    %load/v 56, v0102BEE0_0, 3;
    %set/v v0102B858_0, 56, 3;
T_33.1 ;
    %jmp T_33;
    .thread T_33;
    .scope S_00FE49E0;
T_34 ;
    %vpi_call 2 77 "$dumpfile", "cpu_wavedata.vcd";
    %vpi_call 2 78 "$dumpvars", 1'sb0, S_00FE49E0;
    %set/v v01033BB8_0, 0, 1;
    %set/v v01033428_0, 0, 1;
    %delay 20, 0;
    %set/v v01033428_0, 1, 1;
    %delay 40, 0;
    %set/v v01033428_0, 0, 1;
    %delay 40000, 0;
    %vpi_call 2 92 "$finish";
    %end;
    .thread T_34;
    .scope S_00FE49E0;
T_35 ;
    %delay 40, 0;
    %load/v 56, v01033BB8_0, 1;
    %inv 56, 1;
    %set/v v01033BB8_0, 56, 1;
    %jmp T_35;
    .thread T_35;
# The file index is used to find the file name in the following table.
:file_names 3;
    "N/A";
    "<interactive>";
    "cpu.v";
