#! /c/iverilog/bin/vvp
:ivl_version "0.9.7 " "(v0_9_7)";
:vpi_time_precision + 0;
:vpi_module "system";
:vpi_module "v2005_math";
:vpi_module "va_math";
S_001DE690 .scope module, "alu_tb" "alu_tb" 2 8;
 .timescale 0 0;
v0105FDF8_0 .var "DATA1", 7 0;
v0105F980_0 .var "DATA2", 7 0;
v0105FF58_0 .net "RESULT", 7 0, v0105F8D0_0; 1 drivers
v0105FE50_0 .var "SEL", 2 0;
S_001DE7A0 .scope module, "alu" "ALU" 2 16, 2 48, S_001DE690;
 .timescale 0 0;
v010632E0_0 .net "DATA1", 7 0, v0105FDF8_0; 1 drivers
v01061978_0 .net "DATA2", 7 0, v0105F980_0; 1 drivers
v0105F8D0_0 .var "RESULT", 7 0;
v0105FA30_0 .net "SELECT", 2 0, v0105FE50_0; 1 drivers
v0105FFB0_0 .net "add_out", 7 0, L_0105FDA0; 1 drivers
v0105FA88_0 .net "and_out", 7 0, L_001DC790; 1 drivers
v0105FAE0_0 .net "fwd_out", 7 0, L_001D16D0; 1 drivers
v0105FB38_0 .net "or_out", 7 0, L_01060420; 1 drivers
E_001D7EE0/0 .event edge, v0105FA30_0, v01063288_0, v001DC738_0, v001D1678_0;
E_001D7EE0/1 .event edge, v001DA1A0_0;
E_001D7EE0 .event/or E_001D7EE0/0, E_001D7EE0/1;
S_001DE938 .scope module, "fwd" "FORWARD" 2 58, 2 78, S_001DE7A0;
 .timescale 0 0;
L_001D16D0/d .functor BUFZ 8, v0105F980_0, C4<00000000>, C4<00000000>, C4<00000000>;
L_001D16D0 .delay (1,1,1) L_001D16D0/d;
v01063230_0 .alias "DATA2", 7 0, v01061978_0;
v01063288_0 .alias "fwd_out", 7 0, v0105FAE0_0;
S_001DE608 .scope module, "add" "ADD" 2 59, 2 87, S_001DE7A0;
 .timescale 0 0;
v001DC688_0 .alias "DATA1", 7 0, v010632E0_0;
v001DC6E0_0 .alias "DATA2", 7 0, v01061978_0;
v001DC738_0 .alias "add_out", 7 0, v0105FFB0_0;
L_0105FDA0 .delay (2,2,2) L_0105FDA0/d;
L_0105FDA0/d .arith/sum 8, v0105FDF8_0, v0105F980_0;
S_001DDB68 .scope module, "and_" "AND" 2 60, 2 97, S_001DE7A0;
 .timescale 0 0;
L_001DC790/d .functor AND 8, v0105FDF8_0, v0105F980_0, C4<11111111>, C4<11111111>;
L_001DC790 .delay (1,1,1) L_001DC790/d;
v001D15C8_0 .alias "DATA1", 7 0, v010632E0_0;
v001D1620_0 .alias "DATA2", 7 0, v01061978_0;
v001D1678_0 .alias "and_out", 7 0, v0105FA88_0;
S_001DDAE0 .scope module, "or_" "OR" 2 61, 2 108, S_001DE7A0;
 .timescale 0 0;
L_01060420/d .functor OR 8, v0105FDF8_0, v0105F980_0, C4<00000000>, C4<00000000>;
L_01060420 .delay (1,1,1) L_01060420/d;
v001DEF40_0 .alias "DATA1", 7 0, v010632E0_0;
v001DA148_0 .alias "DATA2", 7 0, v01061978_0;
v001DA1A0_0 .alias "or_out", 7 0, v0105FB38_0;
    .scope S_001DE7A0;
T_0 ;
    %wait E_001D7EE0;
    %load/v 8, v0105FA30_0, 3;
    %cmpi/u 8, 0, 3;
    %jmp/1 T_0.0, 6;
    %cmpi/u 8, 1, 3;
    %jmp/1 T_0.1, 6;
    %cmpi/u 8, 2, 3;
    %jmp/1 T_0.2, 6;
    %cmpi/u 8, 3, 3;
    %jmp/1 T_0.3, 6;
    %ix/load 0, 8, 0;
    %assign/v0 v0105F8D0_0, 0, 0;
    %jmp T_0.5;
T_0.0 ;
    %load/v 8, v0105FAE0_0, 8;
    %ix/load 0, 8, 0;
    %assign/v0 v0105F8D0_0, 0, 8;
    %jmp T_0.5;
T_0.1 ;
    %load/v 8, v0105FFB0_0, 8;
    %ix/load 0, 8, 0;
    %assign/v0 v0105F8D0_0, 0, 8;
    %jmp T_0.5;
T_0.2 ;
    %load/v 8, v0105FA88_0, 8;
    %ix/load 0, 8, 0;
    %assign/v0 v0105F8D0_0, 0, 8;
    %jmp T_0.5;
T_0.3 ;
    %load/v 8, v0105FB38_0, 8;
    %ix/load 0, 8, 0;
    %assign/v0 v0105F8D0_0, 0, 8;
    %jmp T_0.5;
T_0.5 ;
    %jmp T_0;
    .thread T_0, $push;
    .scope S_001DE690;
T_1 ;
    %movi 8, 5, 8;
    %set/v v0105FDF8_0, 8, 8;
    %end;
    .thread T_1;
    .scope S_001DE690;
T_2 ;
    %movi 8, 10, 8;
    %set/v v0105F980_0, 8, 8;
    %end;
    .thread T_2;
    .scope S_001DE690;
T_3 ;
    %delay 5, 0;
    %set/v v0105FE50_0, 0, 3;
    %vpi_call 2 24 "$monitor", $time, " DATA1 = %d  DATA2 = %d  RESULT = %d", v0105FDF8_0, v0105F980_0, v0105FF58_0;
    %delay 5, 0;
    %movi 8, 1, 3;
    %set/v v0105FE50_0, 8, 3;
    %delay 5, 0;
    %movi 8, 4, 3;
    %set/v v0105FE50_0, 8, 3;
    %movi 8, 20, 8;
    %set/v v0105FDF8_0, 8, 8;
    %movi 8, 30, 8;
    %set/v v0105F980_0, 8, 8;
    %delay 5, 0;
    %movi 8, 2, 3;
    %set/v v0105FE50_0, 8, 3;
    %delay 5, 0;
    %movi 8, 3, 3;
    %set/v v0105FE50_0, 8, 3;
    %delay 10, 0;
    %movi 8, 1, 3;
    %set/v v0105FE50_0, 8, 3;
    %movi 8, 30, 8;
    %set/v v0105FDF8_0, 8, 8;
    %movi 8, 40, 8;
    %set/v v0105F980_0, 8, 8;
    %end;
    .thread T_3;
# The file index is used to find the file name in the following table.
:file_names 3;
    "N/A";
    "<interactive>";
    "alu.v";
